This is TeX, Version 3.14159265 (TeX Live 2019) (preloaded format=tex 2019.7.8)  29 AUG 2019 14:36
**cexam.dtx
(./cexam.dtx
(/usr/local/texlive/2019/texmf-dist/tex/generic/ctex/ctxdocstrip.tex
(/usr/local/texlive/2019/texmf-dist/tex/latex/l3kernel/l3docstrip.tex
(/usr/local/texlive/2019/texmf-dist/tex/latex/base/docstrip.tex
\blockLevel=\count26
\emptyLines=\count27
\processedLines=\count28
\commentsRemoved=\count29
\commentsPassed=\count30
\codeLinesPassed=\count31
\TotalprocessedLines=\count32
\TotalcommentsRemoved=\count33
\TotalcommentsPassed=\count34
\TotalcodeLinesPassed=\count35
\NumberOfFiles=\count36
\inFile=\read0
\inputcheck=\read1
\@tempcnta=\count37
\off@0=\count38
\off@1=\count39
\off@2=\count40
\off@3=\count41
\off@4=\count42
\off@5=\count43
\off@6=\count44
\off@7=\count45
\off@8=\count46
\off@9=\count47
\off@10=\count48
\off@11=\count49
\off@12=\count50
\off@13=\count51
\off@14=\count52
\off@15=\count53
\@temptokena=\toks12
\@maxfiles=\count54
\@maxoutfiles=\count55

Utility: `docstrip' 2.5g <2018/05/03>
English documentation    <2018/05/03>

**********************************************************
* This program converts documented macro-files into fast *
* loadable files by stripping off (nearly) all comments! *
**********************************************************

********************************************************
* No Configuration file found, using default settings. *
********************************************************

)))

Generating file(s) cexam.sty cexam.ins README.md 
\openout0 = `cexam.sty'.

\openout1 = `cexam.ins'.

\openout2 = `README.md'.


Processing file cexam.dtx (package) -> cexam.sty
                          (install) -> cexam.ins
                          (readme) -> README.md
Lines  processed: 1328
Comments removed: 619
Comments  passed: 0
Codelines passed: 0

***********************************************************
                                                           
 To finish the installation you have to move the following 
 file into proper directories searched by TeX:             
                                                           
 The recommended directory is TDS:tex/latex/ctex           
                                                           
     cexam.sty                                             
                                                           
 To produce the documentation run the file ctex.dtx        
 through XeLaTeX.                                          
                                                           
 Happy TeXing!                                             
                                                           
***********************************************************
 )
No pages of output.
