\BOOKMARK [1][-]{toc1.1}{\376\377\166\356\137\125}{}% 1
\BOOKMARK [1][-]{section.0.1}{\376\377\173\054\0001\202\202\000\040\116\343\170\001\133\236\163\260}{}% 2
\BOOKMARK [2][-]{subsection.0.1.1}{\376\377\0001\000.\0001\000\040\177\051\121\231\122\027\210\150}{section.0.1}% 3
\BOOKMARK [2][-]{subsection.0.1.2}{\376\377\0001\000.\0002\000\040\136\003\134\024\120\074}{section.0.1}% 4
\BOOKMARK [2][-]{subsection.0.1.3}{\376\377\0001\000.\0003\000\040\166\322\133\120}{section.0.1}% 5
\BOOKMARK [2][-]{subsection.0.1.4}{\376\377\0001\000.\0004\000\040\225\177\136\246}{section.0.1}% 6
\BOOKMARK [2][-]{subsection.0.1.5}{\376\377\0001\000.\0005\000\040\213\241\145\160\126\150}{section.0.1}% 7
\BOOKMARK [2][-]{subsection.0.1.6}{\376\377\0001\000.\0006\000\040\124\053\145\160\133\146\121\154\137\017\145\207\147\054\166\204\210\114\145\160\155\113\133\232}{section.0.1}% 8
\BOOKMARK [1][-]{glossary2.1}{\376\377\162\110\147\054\123\206\123\362}{}% 9
\BOOKMARK [2][-]{HD.v3.0.1.2}{\376\377\000v\0003\000.\0000\000.\0001}{glossary2.1}% 10
\BOOKMARK [2][-]{HD.v3.0.2.2}{\376\377\000v\0003\000.\0000\000.\0002}{glossary2.1}% 11
\BOOKMARK [1][-]{index3.1}{\376\377\116\343\170\001\175\042\137\025}{}% 12
\BOOKMARK [2][-]{HD.Symbols.2}{\376\377\000S\000y\000m\000b\000o\000l\000s}{index3.1}% 13
\BOOKMARK [2][-]{HD.B.2}{\376\377\000B}{index3.1}% 14
\BOOKMARK [2][-]{HD.C.2}{\376\377\000C}{index3.1}% 15
\BOOKMARK [2][-]{HD.D.2}{\376\377\000D}{index3.1}% 16
\BOOKMARK [2][-]{HD.E.2}{\376\377\000E}{index3.1}% 17
\BOOKMARK [2][-]{HD.H.2}{\376\377\000H}{index3.1}% 18
\BOOKMARK [2][-]{HD.I.2}{\376\377\000I}{index3.1}% 19
\BOOKMARK [2][-]{HD.L.2}{\376\377\000L}{index3.1}% 20
\BOOKMARK [2][-]{HD.P.2}{\376\377\000P}{index3.1}% 21
\BOOKMARK [2][-]{HD.R.2}{\376\377\000R}{index3.1}% 22
\BOOKMARK [2][-]{HD.S.2}{\376\377\000S}{index3.1}% 23
\BOOKMARK [2][-]{HD.T.2}{\376\377\000T}{index3.1}% 24
