\BOOKMARK [1][-]{section.0.1}{\376\377\173\054\0001\202\202\000\040\147\345\226\005\156\220\170\001\124\214\133\127\117\123\213\276\133\232}{}% 1
\BOOKMARK [2][-]{subsection.0.1.1}{\376\377\0001\000.\0001\000\040\147\345\226\005\133\217\123\005\166\204\156\220\170\001}{section.0.1}% 2
\BOOKMARK [2][-]{subsection.0.1.2}{\376\377\0001\000.\0002\000\040\147\054\145\207\150\143\133\371\133\127\117\123\166\204\213\276\177\156}{section.0.1}% 3
\BOOKMARK [1][-]{section.0.2}{\376\377\173\054\0002\202\202\000\040\165\061\000\040\000d\000o\000c\000\040\124\214\000\040\000d\000o\000c\000s\000t\000r\000i\000p\000\040\122\006\171\273\000\040\000d\000t\000x\000\040\145\207\116\366}{}% 4
\BOOKMARK [2][-]{subsection.0.2.1}{\376\377\0002\000.\0001\000\040\165\061\000\040\000p\000a\000c\000k\000a\000g\000e\000.\000i\000n\000s\000\040\145\207\116\366\165\037\142\020\000\040\000p\000a\000c\000k\000a\000g\000e\000.\000s\000t\000y}{section.0.2}% 5
\BOOKMARK [2][-]{subsection.0.2.2}{\376\377\0002\000.\0002\000\040\000.\000i\000n\000s\000\040\145\207\116\366\173\200\116\313}{section.0.2}% 6
\BOOKMARK [2][-]{subsection.0.2.3}{\376\377\0002\000.\0003\000\040\165\061\000p\000a\000c\000k\000a\000g\000e\000.\000d\000t\000x\145\207\116\366\165\037\142\020\000p\000a\000c\000k\000a\000g\000e\000.\000s\000t\000y}{section.0.2}% 7
\BOOKMARK [2][-]{subsection.0.2.4}{\376\377\0002\000.\0004\000\040\000.\000i\000n\000s\121\205\220\350\221\115\177\156}{section.0.2}% 8
\BOOKMARK [1][-]{section.0.3}{\376\377\173\054\0003\202\202\000\040\000.\000d\000t\000x\145\207\116\366\173\200\116\313}{}% 9
\BOOKMARK [2][-]{subsection.0.3.1}{\376\377\0003\000.\0001\000\040\000d\000t\000x\000\040\145\207\116\366\131\004\164\006\122\006\147\220}{section.0.3}% 10
\BOOKMARK [2][-]{subsection.0.3.2}{\376\377\0003\000.\0002\000\040\000.\000d\000t\000x\000\040\145\207\116\366\176\304\142\020}{section.0.3}% 11
\BOOKMARK [2][-]{subsection.0.3.3}{\376\377\0003\000.\0003\000\040\177\026\213\321\165\037\142\020\145\207\150\143}{section.0.3}% 12
\BOOKMARK [1][-]{section.0.4}{\376\377\173\054\0004\202\202\000\040\000.\000d\000t\000x\000\040\116\016\000.\000i\000n\000s\000\040\116\214\124\010\116\000\166\204\140\305\121\265}{}% 13
\BOOKMARK [2][-]{subsection.0.4.1}{\376\377\0004\000.\0001\000\040\203\267\137\227\133\217\123\005\145\207\116\366}{section.0.4}% 14
\BOOKMARK [2][-]{subsection.0.4.2}{\376\377\0004\000.\0002\000\040\203\267\137\227\213\364\146\016\145\207\150\143}{section.0.4}% 15
\BOOKMARK [1][-]{section.0.5}{\376\377\173\054\0005\202\202\000\040\000l\0003\000d\000o\000c\000.\000d\000t\000x\000\040\145\207\116\366\166\204\176\323\147\204}{}% 16
\BOOKMARK [1][-]{section.0.6}{\376\377\173\054\0006\202\202\000\040\133\217\123\005\166\204\162\110\147\054\117\341\140\157\213\276\177\156}{}% 17
\BOOKMARK [1][-]{section.0.7}{\376\377\173\054\0007\202\202\000\040\000v\000i\000m\000\040\177\026\121\231\000\040\000d\000t\000x\000\040\145\207\116\366\166\204\213\276\177\156}{}% 18
\BOOKMARK [2][-]{subsection.0.7.1}{\376\377\0007\000.\0001\000\040\000v\000i\000m\000\040\156\332\134\117\124\175\116\344}{section.0.7}% 19
\BOOKMARK [2][-]{subsection.0.7.2}{\376\377\0007\000.\0002\000\040\000.\000v\000i\000m\000r\000c\000\040\221\115\177\156\145\207\116\366}{section.0.7}% 20
\BOOKMARK [2][-]{subsection.0.7.3}{\376\377\0007\000.\0003\000\040\000d\000t\000x\000.\000v\000i\000m\145\207\116\366\213\276\177\156}{section.0.7}% 21
\BOOKMARK [1][-]{section.0.8}{\376\377\173\054\0008\202\202\000\040\136\070\211\304\145\207\147\054\150\007\213\260}{}% 22
\BOOKMARK [2][-]{subsection.0.8.1}{\376\377\0008\000.\0001\000\040\145\207\150\143\116\055\121\375\145\160\166\204\143\317\217\360}{section.0.8}% 23
\BOOKMARK [1][-]{section.0.9}{\376\377\173\054\0009\202\202\000\040\177\026\121\231\000d\000t\000x\145\207\116\366\166\204\133\236\215\365}{}% 24
\BOOKMARK [2][-]{subsection.0.9.1}{\376\377\0009\000.\0001\000\040\134\026\211\322\142\354\123\367}{section.0.9}% 25
\BOOKMARK [1][-]{section.0.10}{\376\377\173\054\0001\0000\202\202\000\040\165\037\142\020\175\042\137\025\124\214\123\206\123\362\123\330\123\026}{}% 26
\BOOKMARK [1][-]{section.0.11}{\376\377\173\054\0001\0001\202\202\000\040\123\302\200\003\145\207\163\056}{}% 27
