This is XeTeX, Version 3.14159265-2.6-0.999992 (TeX Live 2020) (preloaded format=xelatex 2020.12.28)  30 DEC 2020 11:21
entering extended mode
 restricted \write18 enabled.
 %&-line parsing enabled.
**cexam.dtx
(./cexam.dtx
LaTeX2e <2020-10-01> patch level 2
L3 programming layer <2020-12-07> xparse <2020-03-03> (./ctxdoc.cls
(/usr/local/texlive/2020/texmf-dist/tex/latex/l3kernel/expl3.sty
Package: expl3 2020-12-07 L3 programming layer (loader) 

(/usr/local/texlive/2020/texmf-dist/tex/latex/l3backend/l3backend-xetex.def
File: l3backend-xetex.def 2020-09-24 L3 backend support: XeTeX
\g__graphics_track_int=\count173
\l__pdf_internal_box=\box47
\g__pdf_backend_object_int=\count174
\g__pdf_backend_annotation_int=\count175
))
Document Class: ctxdoc 2020/04/20 ctex documentation (CTEX)
(/usr/local/texlive/2020/texmf-dist/tex/latex/l3kernel/l3doc.cls
(/usr/local/texlive/2020/texmf-dist/tex/latex/l3packages/xparse/xparse.sty
Package: xparse 2020-10-27 L3 Experimental document command parser

(/usr/local/texlive/2020/texmf-dist/tex/latex/l3packages/xparse/xparse-generic.
tex)) (/usr/local/texlive/2020/texmf-dist/tex/latex/tools/calc.sty
Package: calc 2017/05/25 v4.3 Infix arithmetic (KKT,FJ)
\calc@Acount=\count176
\calc@Bcount=\count177
\calc@Adimen=\dimen138
\calc@Bdimen=\dimen139
\calc@Askip=\skip47
\calc@Bskip=\skip48
LaTeX Info: Redefining \setlength on input line 80.
LaTeX Info: Redefining \addtolength on input line 81.
\calc@Ccount=\count178
\calc@Cskip=\skip49
)
Document Class: l3doc 2018-04-30 L3 Experimental documentation class
\l__codedoc_output_coffin=\box48
\l__codedoc_functions_coffin=\box49
\l__codedoc_descr_coffin=\box50
\l__codedoc_syntax_coffin=\box51
\g__codedoc_syntax_box=\box52
\l__codedoc_trial_width_dim=\dimen140
\l__codedoc_nested_macro_int=\count179
\l__codedoc_tmpa_int=\count180
\l__codedoc_tmpa_seq=\count181
\l__codedoc_macro_box=\box53
\l__codedoc_macro_index_box=\box54
\l__codedoc_macro_int=\count182
(/usr/local/texlive/2020/texmf-dist/tex/latex/base/article.cls
Document Class: article 2020/04/10 v1.4m Standard LaTeX document class
(/usr/local/texlive/2020/texmf-dist/tex/latex/base/size10.clo
File: size10.clo 2020/04/10 v1.4m Standard LaTeX file (size option)
)
\c@part=\count183
\c@section=\count184
\c@subsection=\count185
\c@subsubsection=\count186
\c@paragraph=\count187
\c@subparagraph=\count188
\c@figure=\count189
\c@table=\count190
\abovecaptionskip=\skip50
\belowcaptionskip=\skip51
\bibindent=\dimen141
)
(/usr/local/texlive/2020/texmf-dist/tex/latex/base/doc.sty
Package: doc 2020/06/15 v2.1m Standard LaTeX documentation package (FMi)
\c@StandardModuleDepth=\count191
\guard@level=\count192
\MacrocodeTopsep=\skip52
\MacroIndent=\dimen142
\macro@cnt=\count193
\MacroTopsep=\skip53
\index@excludelist=\toks15

(/usr/local/texlive/2020/texmf-dist/tex/latex/tools/multicol.sty
Package: multicol 2019/12/09 v1.8y multicolumn formatting (FMi)
\c@tracingmulticols=\count194
\mult@box=\box55
\multicol@leftmargin=\dimen143
\c@unbalance=\count195
\c@collectmore=\count196
\doublecol@number=\count197
\multicoltolerance=\count198
\multicolpretolerance=\count199
\full@width=\dimen144
\page@free=\dimen145
\premulticols=\dimen146
\postmulticols=\dimen147
\multicolsep=\skip54
\multicolbaselineskip=\skip55
\partial@page=\box56
\last@line=\box57
\maxbalancingoverflow=\dimen148
\mult@rightbox=\box58
\mult@grightbox=\box59
\mult@gfirstbox=\box60
\mult@firstbox=\box61
\@tempa=\box62
\@tempa=\box63
\@tempa=\box64
\@tempa=\box65
\@tempa=\box66
\@tempa=\box67
\@tempa=\box68
\@tempa=\box69
\@tempa=\box70
\@tempa=\box71
\@tempa=\box72
\@tempa=\box73
\@tempa=\box74
\@tempa=\box75
\@tempa=\box76
\@tempa=\box77
\@tempa=\box78
\@tempa=\box79
\@tempa=\box80
\@tempa=\box81
\@tempa=\box82
\@tempa=\box83
\@tempa=\box84
\@tempa=\box85
\@tempa=\box86
\@tempa=\box87
\@tempa=\box88
\@tempa=\box89
\@tempa=\box90
\@tempa=\box91
\@tempa=\box92
\@tempa=\box93
\@tempa=\box94
\@tempa=\box95
\@tempa=\box96
\@tempa=\box97
\@tempa=\box98
\c@minrows=\count266
\c@columnbadness=\count267
\c@finalcolumnbadness=\count268
\last@try=\dimen149
\multicolovershoot=\dimen150
\multicolundershoot=\dimen151
\mult@nat@firstbox=\box99
\colbreak@box=\box100
\mc@col@check@num=\count269
)
\IndexMin=\dimen152
\c@IndexColumns=\count270
\GlossaryMin=\dimen153
\c@GlossaryColumns=\count271
\check@sum=\count272
\bslash@cnt=\count273
\wrong@table=\toks16
\c@CodelineNo=\count274
)
(/usr/local/texlive/2020/texmf-dist/tex/latex/tools/array.sty
Package: array 2020/10/01 v2.5c Tabular extension package (FMi)
\col@sep=\dimen154
\ar@mcellbox=\box101
\extrarowheight=\dimen155
\NC@list=\toks17
\extratabsurround=\skip56
\backup@length=\skip57
\ar@cellbox=\box102
)
(/usr/local/texlive/2020/texmf-dist/tex/generic/alphalph/alphalph.sty
Package: alphalph 2019/12/09 v2.6 Convert numbers to letters (HO)

(/usr/local/texlive/2020/texmf-dist/tex/generic/infwarerr/infwarerr.sty
Package: infwarerr 2019/12/03 v1.5 Providing info/warning/error messages (HO)
)
(/usr/local/texlive/2020/texmf-dist/tex/generic/intcalc/intcalc.sty
Package: intcalc 2019/12/15 v1.3 Expandable calculations with integers (HO)
))
(/usr/local/texlive/2020/texmf-dist/tex/latex/amsmath/amsmath.sty
Package: amsmath 2020/09/23 v2.17i AMS math features
\@mathmargin=\skip58

For additional information on amsmath, use the `?' option.
(/usr/local/texlive/2020/texmf-dist/tex/latex/amsmath/amstext.sty
Package: amstext 2000/06/29 v2.01 AMS text

(/usr/local/texlive/2020/texmf-dist/tex/latex/amsmath/amsgen.sty
File: amsgen.sty 1999/11/30 v2.0 generic functions
\@emptytoks=\toks18
\ex@=\dimen156
))
(/usr/local/texlive/2020/texmf-dist/tex/latex/amsmath/amsbsy.sty
Package: amsbsy 1999/11/29 v1.2d Bold Symbols
\pmbraise@=\dimen157
)
(/usr/local/texlive/2020/texmf-dist/tex/latex/amsmath/amsopn.sty
Package: amsopn 2016/03/08 v2.02 operator names
)
\inf@bad=\count275
LaTeX Info: Redefining \frac on input line 234.
\uproot@=\count276
\leftroot@=\count277
LaTeX Info: Redefining \overline on input line 399.
\classnum@=\count278
\DOTSCASE@=\count279
LaTeX Info: Redefining \ldots on input line 496.
LaTeX Info: Redefining \dots on input line 499.
LaTeX Info: Redefining \cdots on input line 620.
\Mathstrutbox@=\box103
\strutbox@=\box104
\big@size=\dimen158
LaTeX Font Info:    Redeclaring font encoding OML on input line 743.
LaTeX Font Info:    Redeclaring font encoding OMS on input line 744.
\macc@depth=\count280
\c@MaxMatrixCols=\count281
\dotsspace@=\muskip16
\c@parentequation=\count282
\dspbrk@lvl=\count283
\tag@help=\toks19
\row@=\count284
\column@=\count285
\maxfields@=\count286
\andhelp@=\toks20
\eqnshift@=\dimen159
\alignsep@=\dimen160
\tagshift@=\dimen161
\tagwidth@=\dimen162
\totwidth@=\dimen163
\lineht@=\dimen164
\@envbody=\toks21
\multlinegap=\skip59
\multlinetaggap=\skip60
\mathdisplay@stack=\toks22
LaTeX Info: Redefining \[ on input line 2923.
LaTeX Info: Redefining \] on input line 2924.
)
(/usr/local/texlive/2020/texmf-dist/tex/latex/amsfonts/amssymb.sty
Package: amssymb 2013/01/14 v3.01 AMS font symbols

(/usr/local/texlive/2020/texmf-dist/tex/latex/amsfonts/amsfonts.sty
Package: amsfonts 2013/01/14 v3.01 Basic AMSFonts support
\symAMSa=\mathgroup4
\symAMSb=\mathgroup5
LaTeX Font Info:    Redeclaring math symbol \hbar on input line 98.
LaTeX Font Info:    Overwriting math alphabet `\mathfrak' in version `bold'
(Font)                  U/euf/m/n --> U/euf/b/n on input line 106.
))
(/usr/local/texlive/2020/texmf-dist/tex/latex/booktabs/booktabs.sty
Package: booktabs 2020/01/12 v1.61803398 Publication quality tables
\heavyrulewidth=\dimen165
\lightrulewidth=\dimen166
\cmidrulewidth=\dimen167
\belowrulesep=\dimen168
\belowbottomsep=\dimen169
\aboverulesep=\dimen170
\abovetopsep=\dimen171
\cmidrulesep=\dimen172
\cmidrulekern=\dimen173
\defaultaddspace=\dimen174
\@cmidla=\count287
\@cmidlb=\count288
\@aboverulesep=\dimen175
\@belowrulesep=\dimen176
\@thisruleclass=\count289
\@lastruleclass=\count290
\@thisrulewidth=\dimen177
)
(/usr/local/texlive/2020/texmf-dist/tex/latex/graphics/color.sty
Package: color 2020/02/24 v1.2b Standard LaTeX Color (DPC)

(/usr/local/texlive/2020/texmf-dist/tex/latex/graphics-cfg/color.cfg
File: color.cfg 2016/01/02 v1.6 sample color configuration
)
Package color Info: Driver file: xetex.def on input line 147.

(/usr/local/texlive/2020/texmf-dist/tex/latex/graphics-def/xetex.def
File: xetex.def 2020/08/26 v5.0i Graphics/color driver for xetex
))
(/usr/local/texlive/2020/texmf-dist/tex/latex/colortbl/colortbl.sty
Package: colortbl 2020/01/04 v1.0e Color table columns (DPC)
\everycr=\toks23
\minrowclearance=\skip61
)
(/usr/local/texlive/2020/texmf-dist/tex/generic/hologo/hologo.sty
Package: hologo 2019/12/05 v1.14 A logo collection with bookmark support (HO)

(/usr/local/texlive/2020/texmf-dist/tex/generic/ltxcmds/ltxcmds.sty
Package: ltxcmds 2020-05-10 v1.25 LaTeX kernel commands for general use (HO)
)
(/usr/local/texlive/2020/texmf-dist/tex/generic/kvsetkeys/kvsetkeys.sty
Package: kvsetkeys 2019/12/15 v1.18 Key value parser (HO)
)
(/usr/local/texlive/2020/texmf-dist/tex/generic/kvdefinekeys/kvdefinekeys.sty
Package: kvdefinekeys 2019-12-19 v1.6 Define keys (HO)
)
(/usr/local/texlive/2020/texmf-dist/tex/generic/pdftexcmds/pdftexcmds.sty
Package: pdftexcmds 2020-06-27 v0.33 Utility functions of pdfTeX for LuaTeX (HO
)

(/usr/local/texlive/2020/texmf-dist/tex/generic/iftex/iftex.sty
Package: iftex 2020/03/06 v1.0d TeX engine tests
)
Package pdftexcmds Info: \pdf@primitive is available.
Package pdftexcmds Info: \pdf@ifprimitive is available.
Package pdftexcmds Info: \pdfdraftmode not found.
)
(/usr/local/texlive/2020/texmf-dist/tex/latex/kvoptions/kvoptions.sty
Package: kvoptions 2020-10-07 v3.14 Key value format for package options (HO)

(/usr/local/texlive/2020/texmf-dist/tex/latex/graphics/keyval.sty
Package: keyval 2014/10/28 v1.15 key=value parser (DPC)
\KV@toks@=\toks24
))
Package hologo Info: Using driver `xetex'.
)
(/usr/local/texlive/2020/texmf-dist/tex/latex/enumitem/enumitem.sty
Package: enumitem 2019/06/20 v3.9 Customized lists
\labelindent=\skip62
\enit@outerparindent=\dimen178
\enit@toks=\toks25
\enit@inbox=\box105
\enit@count@id=\count291
\enitdp@description=\count292
)
(/usr/local/texlive/2020/texmf-dist/tex/latex/psnfss/pifont.sty
Package: pifont 2020/03/25 PSNFSS-v9.3 Pi font support (SPQR) 
LaTeX Font Info:    Trying to load font information for U+pzd on input line 63.


(/usr/local/texlive/2020/texmf-dist/tex/latex/psnfss/upzd.fd
File: upzd.fd 2001/06/04 font definitions for U/pzd.
)
LaTeX Font Info:    Trying to load font information for U+psy on input line 64.


(/usr/local/texlive/2020/texmf-dist/tex/latex/psnfss/upsy.fd
File: upsy.fd 2001/06/04 font definitions for U/psy.
))
(/usr/local/texlive/2020/texmf-dist/tex/latex/base/textcomp.sty
Package: textcomp 2020/02/02 v2.0n Standard LaTeX package
)
(/usr/local/texlive/2020/texmf-dist/tex/latex/tools/trace.sty
Package: trace 2018/10/13 v1.1e trace LaTeX code
)
(/usr/local/texlive/2020/texmf-dist/tex/latex/csquotes/csquotes.sty
Package: csquotes 2019-12-06 v5.2j context-sensitive quotations (JAW)

(/usr/local/texlive/2020/texmf-dist/tex/latex/etoolbox/etoolbox.sty
Package: etoolbox 2020/10/05 v2.5k e-TeX tools for LaTeX (JAW)
\etb@tempcnta=\count293
)
\csq@reset=\count294
\csq@gtype=\count295
\csq@glevel=\count296
\csq@qlevel=\count297
\csq@maxlvl=\count298
\csq@tshold=\count299
\csq@ltx@everypar=\toks26

(/usr/local/texlive/2020/texmf-dist/tex/latex/csquotes/csquotes.def
File: csquotes.def 2019-12-06 v5.2j csquotes generic definitions (JAW)
)
Package csquotes Info: Trying to load configuration file 'csquotes.cfg'...
Package csquotes Info: ... configuration file loaded successfully.

(/usr/local/texlive/2020/texmf-dist/tex/latex/csquotes/csquotes.cfg
File: csquotes.cfg 
))
(/usr/local/texlive/2020/texmf-dist/tex/latex/fancyvrb/fancyvrb.sty
Package: fancyvrb 2020/05/03 v3.6 verbatim text (tvz,hv)
\FV@CodeLineNo=\count300
\FV@InFile=\read2
\FV@TabBox=\box106
\c@FancyVerbLine=\count301
\FV@StepNumber=\count302
\FV@OutFile=\write3
)
(/usr/local/texlive/2020/texmf-dist/tex/latex/underscore/underscore.sty
Package: underscore 2006/09/13
LaTeX Info: Redefining \_ on input line 42.
)
(/usr/local/texlive/2020/texmf-dist/tex/latex/tools/verbatim.sty
Package: verbatim 2020-07-07 v1.5u LaTeX2e package for verbatim enhancements
\every@verbatim=\toks27
\verbatim@line=\toks28
\verbatim@in@stream=\read3
)
(/usr/local/texlive/2020/texmf-dist/tex/latex/base/fontenc.sty
Package: fontenc 2020/08/10 v2.0s Standard LaTeX package
LaTeX Font Info:    Trying to load font information for T1+lmr on input line 11
2.

(/usr/local/texlive/2020/texmf-dist/tex/latex/lm/t1lmr.fd
File: t1lmr.fd 2009/10/30 v1.6 Font defs for Latin Modern
))
(/usr/local/texlive/2020/texmf-dist/tex/latex/lm/lmodern.sty
Package: lmodern 2009/10/30 v1.6 Latin Modern Fonts
LaTeX Font Info:    Overwriting symbol font `operators' in version `normal'
(Font)                  OT1/cmr/m/n --> OT1/lmr/m/n on input line 22.
LaTeX Font Info:    Overwriting symbol font `letters' in version `normal'
(Font)                  OML/cmm/m/it --> OML/lmm/m/it on input line 23.
LaTeX Font Info:    Overwriting symbol font `symbols' in version `normal'
(Font)                  OMS/cmsy/m/n --> OMS/lmsy/m/n on input line 24.
LaTeX Font Info:    Overwriting symbol font `largesymbols' in version `normal'
(Font)                  OMX/cmex/m/n --> OMX/lmex/m/n on input line 25.
LaTeX Font Info:    Overwriting symbol font `operators' in version `bold'
(Font)                  OT1/cmr/bx/n --> OT1/lmr/bx/n on input line 26.
LaTeX Font Info:    Overwriting symbol font `letters' in version `bold'
(Font)                  OML/cmm/b/it --> OML/lmm/b/it on input line 27.
LaTeX Font Info:    Overwriting symbol font `symbols' in version `bold'
(Font)                  OMS/cmsy/b/n --> OMS/lmsy/b/n on input line 28.
LaTeX Font Info:    Overwriting symbol font `largesymbols' in version `bold'
(Font)                  OMX/cmex/m/n --> OMX/lmex/m/n on input line 29.
LaTeX Font Info:    Overwriting math alphabet `\mathbf' in version `normal'
(Font)                  OT1/cmr/bx/n --> OT1/lmr/bx/n on input line 31.
LaTeX Font Info:    Overwriting math alphabet `\mathsf' in version `normal'
(Font)                  OT1/cmss/m/n --> OT1/lmss/m/n on input line 32.
LaTeX Font Info:    Overwriting math alphabet `\mathit' in version `normal'
(Font)                  OT1/cmr/m/it --> OT1/lmr/m/it on input line 33.
LaTeX Font Info:    Overwriting math alphabet `\mathtt' in version `normal'
(Font)                  OT1/cmtt/m/n --> OT1/lmtt/m/n on input line 34.
LaTeX Font Info:    Overwriting math alphabet `\mathbf' in version `bold'
(Font)                  OT1/cmr/bx/n --> OT1/lmr/bx/n on input line 35.
LaTeX Font Info:    Overwriting math alphabet `\mathsf' in version `bold'
(Font)                  OT1/cmss/bx/n --> OT1/lmss/bx/n on input line 36.
LaTeX Font Info:    Overwriting math alphabet `\mathit' in version `bold'
(Font)                  OT1/cmr/bx/it --> OT1/lmr/bx/it on input line 37.
LaTeX Font Info:    Overwriting math alphabet `\mathtt' in version `bold'
(Font)                  OT1/cmtt/m/n --> OT1/lmtt/m/n on input line 38.
)
LaTeX Font Info:    Trying to load font information for T1+lmtt on input line 4
79.

(/usr/local/texlive/2020/texmf-dist/tex/latex/lm/t1lmtt.fd
File: t1lmtt.fd 2009/10/30 v1.6 Font defs for Latin Modern
)
(/usr/local/texlive/2020/texmf-dist/tex/latex/oberdiek/hypdoc.sty
Package: hypdoc 2018/09/07 v1.14 Hyper extensions for doc.sty (HO)

(/usr/local/texlive/2020/texmf-dist/tex/latex/base/atveryend-ltx.sty
Package: atveryend-ltx 2020/08/19 v1.0a Emulation of the original atvery packag
e
with kernel methods
)
(/usr/local/texlive/2020/texmf-dist/tex/latex/hyperref/hyperref.sty
Package: hyperref 2020-05-15 v7.00e Hypertext links for LaTeX

(/usr/local/texlive/2020/texmf-dist/tex/generic/pdfescape/pdfescape.sty
Package: pdfescape 2019/12/09 v1.15 Implements pdfTeX's escape features (HO)
)
(/usr/local/texlive/2020/texmf-dist/tex/latex/hycolor/hycolor.sty
Package: hycolor 2020-01-27 v1.10 Color options for hyperref/bookmark (HO)
)
(/usr/local/texlive/2020/texmf-dist/tex/latex/letltxmacro/letltxmacro.sty
Package: letltxmacro 2019/12/03 v1.6 Let assignment for LaTeX macros (HO)
)
(/usr/local/texlive/2020/texmf-dist/tex/latex/auxhook/auxhook.sty
Package: auxhook 2019-12-17 v1.6 Hooks for auxiliary files (HO)
)
\@linkdim=\dimen179
\Hy@linkcounter=\count303
\Hy@pagecounter=\count304

(/usr/local/texlive/2020/texmf-dist/tex/latex/hyperref/pd1enc.def
File: pd1enc.def 2020-05-15 v7.00e Hyperref: PDFDocEncoding definition (HO)
)
(/usr/local/texlive/2020/texmf-dist/tex/generic/etexcmds/etexcmds.sty
Package: etexcmds 2019/12/15 v1.7 Avoid name clashes with e-TeX commands (HO)
)
\Hy@SavedSpaceFactor=\count305
Package hyperref Info: Option `hyperindex' set `false' on input line 4338.
Package hyperref Info: Option `pdfusetitle' set `true' on input line 4338.
Package hyperref Info: Option `colorlinks' set `true' on input line 4338.
Package hyperref Info: Option `pdfpagelabels' set `true' on input line 4338.
Package hyperref Info: Hyper figures OFF on input line 4464.
Package hyperref Info: Link nesting OFF on input line 4469.
Package hyperref Info: Hyper index OFF on input line 4474.
Package hyperref Info: Plain pages OFF on input line 4479.
Package hyperref Info: Backreferencing OFF on input line 4484.
Package hyperref Info: Implicit mode ON; LaTeX internals redefined.
Package hyperref Info: Bookmarks ON on input line 4717.
\c@Hy@tempcnt=\count306

(/usr/local/texlive/2020/texmf-dist/tex/latex/url/url.sty
\Urlmuskip=\muskip17
Package: url 2013/09/16  ver 3.4  Verb mode for urls, etc.
)
LaTeX Info: Redefining \url on input line 5076.
\XeTeXLinkMargin=\dimen180

(/usr/local/texlive/2020/texmf-dist/tex/generic/bitset/bitset.sty
Package: bitset 2019/12/09 v1.3 Handle bit-vector datatype (HO)

(/usr/local/texlive/2020/texmf-dist/tex/generic/bigintcalc/bigintcalc.sty
Package: bigintcalc 2019/12/15 v1.5 Expandable calculations on big integers (HO
)
))
\Fld@menulength=\count307
\Field@Width=\dimen181
\Fld@charsize=\dimen182
Package hyperref Info: Hyper figures OFF on input line 6347.
Package hyperref Info: Link nesting OFF on input line 6352.
Package hyperref Info: Hyper index OFF on input line 6357.
Package hyperref Info: backreferencing OFF on input line 6362.
Package hyperref Info: Link coloring ON on input line 6365.
Package hyperref Info: Link coloring with OCG OFF on input line 6372.
Package hyperref Info: PDF/A mode OFF on input line 6377.
LaTeX Info: Redefining \ref on input line 6417.
LaTeX Info: Redefining \pageref on input line 6421.

(/usr/local/texlive/2020/texmf-dist/tex/latex/base/atbegshi-ltx.sty
Package: atbegshi-ltx 2020/08/17 v1.0a Emulation of the original atbegshi packa
ge
with kernel methods
)
\Hy@abspage=\count308
\c@Item=\count309
\c@Hfootnote=\count310
)
Package hyperref Info: Driver (autodetected): hxetex.

(/usr/local/texlive/2020/texmf-dist/tex/latex/hyperref/hxetex.def
File: hxetex.def 2020-05-15 v7.00e Hyperref driver for XeTeX

(/usr/local/texlive/2020/texmf-dist/tex/latex/hyperref/puenc.def
File: puenc.def 2020-05-15 v7.00e Hyperref: PDF Unicode definition (HO)
)
(/usr/local/texlive/2020/texmf-dist/tex/generic/stringenc/stringenc.sty
Package: stringenc 2019/11/29 v1.12 Convert strings between diff. encodings (HO
)
)
\pdfm@box=\box107
\c@Hy@AnnotLevel=\count311
\HyField@AnnotCount=\count312
\Fld@listcount=\count313
\c@bookmark@seq@number=\count314

(/usr/local/texlive/2020/texmf-dist/tex/latex/rerunfilecheck/rerunfilecheck.sty
Package: rerunfilecheck 2019/12/05 v1.9 Rerun checks for auxiliary files (HO)

(/usr/local/texlive/2020/texmf-dist/tex/generic/uniquecounter/uniquecounter.sty
Package: uniquecounter 2019/12/15 v1.4 Provide unlimited unique counter (HO)
)
Package uniquecounter Info: New unique counter `rerunfilecheck' on input line 2
86.
)
\Hy@SectionHShift=\skip63
)
Package hyperref Info: Option `plainpages' set `false' on input line 64.
Package hyperref Info: Option `bookmarksopen' set `true' on input line 64.
Package hyperref Info: Option `bookmarksnumbered' set `true' on input line 64.
\c@HD@unique=\count315
\c@HD@hypercount=\count316
\HD@helplength=\skip64
)
\l__codedoc_syntax_dim=\dimen183
\@glossaryfile=\write4
\openout4 = `cexam.glo'.


Writing glossary file cexam.glo 
\@indexfile=\write5
\openout5 = `cexam.idx'.

Writing index file cexam.idx
) (/usr/local/texlive/2020/texmf-dist/tex/latex/ctex/ctex.sty
Package: ctex 2020/10/19 v2.5.5 Chinese adapter in LaTeX (CTEX)

(/usr/local/texlive/2020/texmf-dist/tex/latex/l3packages/l3keys2e/l3keys2e.sty
Package: l3keys2e 2020-10-27 LaTeX2e option processing using LaTeX3 keys
) (/usr/local/texlive/2020/texmf-dist/tex/latex/ctex/ctexhook.sty
Package: ctexhook 2020/10/19 v2.5.5 Document and package hooks (CTEX)
)
(/usr/local/texlive/2020/texmf-dist/tex/latex/ctex/ctexpatch.sty
Package: ctexpatch 2020/10/19 v2.5.5 Patching commands (CTEX)
)
(/usr/local/texlive/2020/texmf-dist/tex/latex/base/fix-cm.sty
Package: fix-cm 2015/01/14 v1.1t fixes to LaTeX

(/usr/local/texlive/2020/texmf-dist/tex/latex/base/ts1enc.def
File: ts1enc.def 2001/06/05 v3.0e (jk/car/fm) Standard LaTeX file
LaTeX Font Info:    Redeclaring font encoding TS1 on input line 47.
))
(/usr/local/texlive/2020/texmf-dist/tex/latex/ms/everysel.sty
Package: everysel 2011/10/28 v1.2 EverySelectfont Package (MS)
)
\l__ctex_tmp_int=\count317
\l__ctex_tmp_box=\box108
\l__ctex_tmp_dim=\dimen184
\g__ctex_section_depth_int=\count318
\g__ctex_font_size_int=\count319

(/usr/local/texlive/2020/texmf-dist/tex/latex/ctex/config/ctexopts.cfg
File: ctexopts.cfg 2020/10/19 v2.5.5 Option configuration file (CTEX)
)
(/usr/local/texlive/2020/texmf-dist/tex/latex/ctex/engine/ctex-engine-xetex.def
File: ctex-engine-xetex.def 2020/10/19 v2.5.5 XeLaTeX adapter (CTEX)
(/usr/local/texlive/2020/texmf-dist/tex/xelatex/xecjk/xeCJK.sty
Package: xeCJK 2020/10/19 v3.8.6 Typesetting CJK scripts with XeLaTeX

(/usr/local/texlive/2020/texmf-dist/tex/latex/l3packages/xtemplate/xtemplate.st
y
Package: xtemplate 2020-10-27 L3 Experimental prototype document functions
\l__xtemplate_tmp_dim=\dimen185
\l__xtemplate_tmp_int=\count320
\l__xtemplate_tmp_muskip=\muskip18
\l__xtemplate_tmp_skip=\skip65
)
\l__xeCJK_tmp_int=\count321
\l__xeCJK_tmp_box=\box109
\l__xeCJK_tmp_dim=\dimen186
\l__xeCJK_tmp_skip=\skip66
\g__xeCJK_space_factor_int=\count322
\l__xeCJK_begin_int=\count323
\l__xeCJK_end_int=\count324
\c__xeCJK_CJK_class_int=\XeTeXcharclass1
\c__xeCJK_FullLeft_class_int=\XeTeXcharclass2
\c__xeCJK_FullRight_class_int=\XeTeXcharclass3
\c__xeCJK_HalfLeft_class_int=\XeTeXcharclass4
\c__xeCJK_HalfRight_class_int=\XeTeXcharclass5
\c__xeCJK_NormalSpace_class_int=\XeTeXcharclass6
\c__xeCJK_CM_class_int=\XeTeXcharclass7
\c__xeCJK_HangulJamo_class_int=\XeTeXcharclass8
\l__xeCJK_last_skip=\skip67
\g__xeCJK_node_int=\count325
\c__xeCJK_CJK_node_dim=\dimen187
\c__xeCJK_CJK-space_node_dim=\dimen188
\c__xeCJK_default_node_dim=\dimen189
\c__xeCJK_default-space_node_dim=\dimen190
\c__xeCJK_CJK-widow_node_dim=\dimen191
\c__xeCJK_normalspace_node_dim=\dimen192
\l__xeCJK_ccglue_skip=\skip68
\l__xeCJK_ecglue_skip=\skip69
\l__xeCJK_punct_kern_skip=\skip70
\l__xeCJK_last_penalty_int=\count326
\l__xeCJK_last_bound_dim=\dimen193
\l__xeCJK_last_kern_dim=\dimen194
\l__xeCJK_widow_penalty_int=\count327

Package xtemplate Info: Declaring object type 'xeCJK/punctuation' taking 0
(xtemplate)             argument(s) on line 2341.

\l__xeCJK_fixed_punct_width_dim=\dimen195
\l__xeCJK_mixed_punct_width_dim=\dimen196
\l__xeCJK_middle_punct_width_dim=\dimen197
\l__xeCJK_fixed_margin_width_dim=\dimen198
\l__xeCJK_mixed_margin_width_dim=\dimen199
\l__xeCJK_middle_margin_width_dim=\dimen256
\l__xeCJK_bound_punct_width_dim=\dimen257
\l__xeCJK_bound_margin_width_dim=\dimen258
\l__xeCJK_margin_minimum_dim=\dimen259
\l__xeCJK_kerning_total_width_dim=\dimen260
\l__xeCJK_same_align_margin_dim=\dimen261
\l__xeCJK_different_align_margin_dim=\dimen262
\l__xeCJK_kerning_margin_width_dim=\dimen263
\l__xeCJK_kerning_margin_minimum_dim=\dimen264
\l__xeCJK_bound_dim=\dimen265
\l__xeCJK_reverse_bound_dim=\dimen266
\l__xeCJK_margin_dim=\dimen267
\l__xeCJK_minimum_bound_dim=\dimen268
\l__xeCJK_kerning_margin_dim=\dimen269
\g__xeCJK_family_int=\count328
\l__xeCJK_fam_int=\count329
\g__xeCJK_fam_allocation_int=\count330
\l__xeCJK_verb_case_int=\count331
\l__xeCJK_verb_exspace_skip=\skip71
 (/usr/local/texlive/2020/texmf-dist/tex/latex/fontspec/fontspec.sty
Package: fontspec 2020/02/21 v2.7i Font selection for XeLaTeX and LuaLaTeX

(/usr/local/texlive/2020/texmf-dist/tex/latex/fontspec/fontspec-xetex.sty
Package: fontspec-xetex 2020/02/21 v2.7i Font selection for XeLaTeX and LuaLaTe
X
\l__fontspec_script_int=\count332
\l__fontspec_language_int=\count333
\l__fontspec_strnum_int=\count334
\l__fontspec_tmp_int=\count335
\l__fontspec_tmpa_int=\count336
\l__fontspec_tmpb_int=\count337
\l__fontspec_tmpc_int=\count338
\l__fontspec_em_int=\count339
\l__fontspec_emdef_int=\count340
\l__fontspec_strong_int=\count341
\l__fontspec_strongdef_int=\count342
\l__fontspec_tmpa_dim=\dimen270
\l__fontspec_tmpb_dim=\dimen271
\l__fontspec_tmpc_dim=\dimen272

(/usr/local/texlive/2020/texmf-dist/tex/latex/base/fontenc.sty
Package: fontenc 2020/08/10 v2.0s Standard LaTeX package
)
(/usr/local/texlive/2020/texmf-dist/tex/latex/fontspec/fontspec.cfg)))
(/usr/local/texlive/2020/texmf-dist/tex/xelatex/xecjk/xeCJK.cfg
File: xeCJK.cfg 2020/10/19 v3.8.6 Configuration file for xeCJK package
))
\ccwd=\dimen273
\l__ctex_ccglue_skip=\skip72
)
\l__ctex_ziju_dim=\dimen274

(/usr/local/texlive/2020/texmf-dist/tex/latex/zhnumber/zhnumber.sty
Package: zhnumber 2020/05/01 v2.8 Typesetting numbers with Chinese glyphs
\l__zhnum_scale_int=\count343

(/usr/local/texlive/2020/texmf-dist/tex/latex/zhnumber/zhnumber-utf8.cfg
File: zhnumber-utf8.cfg 2020/05/01 v2.8 Chinese numerals with UTF8 encoding
))
(/usr/local/texlive/2020/texmf-dist/tex/latex/ctex/heading/ctex-heading-article
.def
File: ctex-article.def 2020/10/19 v2.5.5 Heading modification for article (CTEX
)
\l__ctex_heading_skip=\skip73

(/usr/local/texlive/2020/texmf-dist/tex/latex/ctex/scheme/ctex-scheme-chinese-a
rticle.def
File: ctex-scheme-chinese-article.def 2020/10/19 v2.5.5 Chinese scheme for arti
cle (CTEX)

(/usr/local/texlive/2020/texmf-dist/tex/latex/ctex/config/ctex-name-utf8.cfg
File: ctex-name-utf8.cfg 2020/10/19 v2.5.5 Caption with encoding UTF-8 (CTEX)
))) (/usr/local/texlive/2020/texmf-dist/tex/latex/ctex/ctex-c5size.clo
File: ctex-c5size.clo 2020/10/19 v2.5.5 c5size option (CTEX)
)
(/usr/local/texlive/2020/texmf-dist/tex/latex/ctex/fontset/ctex-fontset-windows
.def
File: ctex-fontset-windows.def 2020/10/19 v2.5.5 Windows fonts definition (CTEX
)

Package fontspec Info: Could not resolve font "KaiTi/B" (it probably doesn't
(fontspec)             exist).


Package fontspec Info: Could not resolve font "SimHei/I" (it probably doesn't
(fontspec)             exist).


Package fontspec Info: Could not resolve font "SimSun/BI" (it probably doesn't
(fontspec)             exist).


Package fontspec Info: Font family 'SimSun(0)' created for font 'SimSun' with
(fontspec)             options
(fontspec)             [Script={CJK},BoldFont={SimHei},ItalicFont={KaiTi}].
(fontspec)              
(fontspec)              This font family consists of the following NFSS
(fontspec)             series/shapes:
(fontspec)              
(fontspec)             - 'normal' (m/n) with NFSS spec.:
(fontspec)             <->"SimSun/OT:script=hani;language=dflt;"
(fontspec)             - 'small caps'  (m/sc) with NFSS spec.: 
(fontspec)             - 'bold' (b/n) with NFSS spec.:
(fontspec)             <->"SimHei/OT:script=hani;language=dflt;"
(fontspec)             - 'bold small caps'  (b/sc) with NFSS spec.: 
(fontspec)             - 'italic' (m/it) with NFSS spec.:
(fontspec)             <->"KaiTi/OT:script=hani;language=dflt;"
(fontspec)             - 'italic small caps'  (m/scit) with NFSS spec.: 

)) (/usr/local/texlive/2020/texmf-dist/tex/latex/ctex/config/ctex.cfg
File: ctex.cfg 2020/10/19 v2.5.5 Configuration file (CTEX)
)
(/usr/local/texlive/2020/texmf-dist/tex/latex/ms/multitoc.sty
Package: multitoc 1999/06/08 v2.01 MultiToc Package (MS)

(/usr/local/texlive/2020/texmf-dist/tex/latex/base/ifthen.sty
Package: ifthen 2014/09/29 v1.1c Standard LaTeX ifthen package (DPC)
))
(/usr/local/texlive/2020/texmf-dist/tex/latex/geometry/geometry.sty
Package: geometry 2020/01/02 v5.9 Page Geometry

(/usr/local/texlive/2020/texmf-dist/tex/generic/iftex/ifvtex.sty
Package: ifvtex 2019/10/25 v1.7 ifvtex legacy package. Use iftex instead.
)
\Gm@cnth=\count344
\Gm@cntv=\count345
\c@Gm@tempcnt=\count346
\Gm@bindingoffset=\dimen275
\Gm@wd@mp=\dimen276
\Gm@odd@mp=\dimen277
\Gm@even@mp=\dimen278
\Gm@layoutwidth=\dimen279
\Gm@layoutheight=\dimen280
\Gm@layouthoffset=\dimen281
\Gm@layoutvoffset=\dimen282
\Gm@dimlist=\toks29
)
(/usr/local/texlive/2020/texmf-dist/tex/latex/tools/tabularx.sty
Package: tabularx 2020/01/15 v2.11c `tabularx' package (DPC)
\TX@col@width=\dimen283
\TX@old@table=\dimen284
\TX@old@col=\dimen285
\TX@target=\dimen286
\TX@delta=\dimen287
\TX@cols=\count347
\TX@ftn=\toks30
)
(/usr/local/texlive/2020/texmf-dist/tex/latex/makecell/makecell.sty
Package: makecell 2009/08/03 V0.1e Managing of Tab Column Heads and Cells
\rotheadsize=\dimen288
\c@nlinenum=\count348
\TeXr@lab=\toks31
)
(/usr/local/texlive/2020/texmf-dist/tex/latex/threeparttable/threeparttable.sty
Package: threeparttable 2003/06/13  v 3.0
\@tempboxb=\box110
) (/usr/local/texlive/2020/texmf-dist/tex/latex/siunitx/siunitx.sty
Package: siunitx 2020/02/25 v2.8b A comprehensive (SI) units package
\l__siunitx_tmp_box=\box111
\l__siunitx_tmp_dim=\dimen289
\l__siunitx_tmp_int=\count349
\l__siunitx_number_mantissa_length_int=\count350
\l__siunitx_number_uncert_length_int=\count351
\l__siunitx_round_int=\count352
\l__siunitx_process_decimal_int=\count353
\l__siunitx_process_uncertainty_int=\count354
\l__siunitx_process_fixed_int=\count355
\l__siunitx_process_integer_min_int=\count356
\l__siunitx_process_precision_int=\count357
\l__siunitx_group_min_int=\count358
\l__siunitx_angle_marker_box=\box112
\l__siunitx_angle_unit_box=\box113
\l__siunitx_angle_marker_dim=\dimen290
\l__siunitx_angle_unit_dim=\dimen291
\l__siunitx_unit_int=\count359
\l__siunitx_unit_denominator_int=\count360
\l__siunitx_unit_numerator_int=\count361
\l__siunitx_unit_prefix_int=\count362
\l__siunitx_unit_prefix_base_int=\count363
\l__siunitx_unit_prefix_gram_int=\count364
\l__siunitx_number_product_int=\count365
\c__siunitx_one_fill_skip=\skip74
\l__siunitx_table_unit_align_skip=\skip75
\l__siunitx_table_exponent_dim=\dimen292
\l__siunitx_table_integer_dim=\dimen293
\l__siunitx_table_mantissa_dim=\dimen294
\l__siunitx_table_marker_dim=\dimen295
\l__siunitx_table_result_dim=\dimen296
\l__siunitx_table_uncert_dim=\dimen297
\l__siunitx_table_fill_pre_dim=\dimen298
\l__siunitx_table_fill_post_dim=\dimen299
\l__siunitx_table_fill_mid_dim=\dimen300
\l__siunitx_table_pre_box=\box114
\l__siunitx_table_post_box=\box115
\l__siunitx_table_mantissa_box=\box116
\l__siunitx_table_result_box=\box117
\l__siunitx_table_number_align_skip=\skip76
\l__siunitx_table_text_align_skip=\skip77

(/usr/local/texlive/2020/texmf-dist/tex/latex/translator/translator.sty
Package: translator 2020-08-03 v1.12c Easy translation of strings in LaTeX
))
(/usr/local/texlive/2020/texmf-dist/tex/latex/unicode-math/unicode-math.sty
Package: unicode-math 2020/01/31 v0.8q Unicode maths in XeLaTeX and LuaLaTeX

(/usr/local/texlive/2020/texmf-dist/tex/latex/unicode-math/unicode-math-xetex.s
ty
Package: unicode-math-xetex 2020/01/31 v0.8q Unicode maths in XeLaTeX and LuaLa
TeX
\g__um_fam_int=\count366
\g__um_fonts_used_int=\count367
\l__um_primecount_int=\count368
\g__um_primekern_muskip=\muskip19

(/usr/local/texlive/2020/texmf-dist/tex/latex/unicode-math/unicode-math-table.t
ex))) (/usr/local/texlive/2020/texmf-dist/tex/latex/xcolor/xcolor.sty
Package: xcolor 2016/05/11 v2.12 LaTeX color extensions (UK)

(/usr/local/texlive/2020/texmf-dist/tex/latex/graphics-cfg/color.cfg
File: color.cfg 2016/01/02 v1.6 sample color configuration
)
Package xcolor Info: Driver file: xetex.def on input line 225.
LaTeX Info: Redefining \color on input line 709.
Package xcolor Info: Model `cmy' substituted by `cmy0' on input line 1348.
Package xcolor Info: Model `RGB' extended on input line 1364.
Package xcolor Info: Model `HTML' substituted by `rgb' on input line 1366.
Package xcolor Info: Model `Hsb' substituted by `hsb' on input line 1367.
Package xcolor Info: Model `tHsb' substituted by `hsb' on input line 1368.
Package xcolor Info: Model `HSB' substituted by `hsb' on input line 1369.
Package xcolor Info: Model `Gray' substituted by `gray' on input line 1370.
Package xcolor Info: Model `wave' substituted by `hsb' on input line 1371.
)
(/usr/local/texlive/2020/texmf-dist/tex/latex/caption/caption.sty
Package: caption 2020/10/26 v3.5g Customizing captions (AR)

(/usr/local/texlive/2020/texmf-dist/tex/latex/caption/caption3.sty
Package: caption3 2020/10/21 v2.2e caption3 kernel (AR)
\captionmargin=\dimen301
\captionmargin@=\dimen302
\captionwidth=\dimen303
\caption@tempdima=\dimen304
\caption@indent=\dimen305
\caption@parindent=\dimen306
\caption@hangindent=\dimen307
Package caption Info: Standard document class detected.
)
\c@caption@flags=\count369
\c@continuedfloat=\count370
Package caption Info: hyperref package is loaded.
Package caption Info: threeparttable package is loaded.
)
(/usr/local/texlive/2020/texmf-dist/tex/latex/fancyvrb/fancyvrb-ex.sty
Package: fancyvrb-ex 2018/11/01

Style option: `fancyvrb-ex' v0.01 <2018/11/01> (tvz)
(/usr/local/texlive/2020/texmf-dist/tex/latex/fancyvrb/hbaw.sty
Package: hbaw 1998/03/19

`hbaw' v1.4, 1998/03/19 (Denis Girou)))
(/usr/local/texlive/2020/texmf-dist/tex/latex/zref/zref-base.sty
Package: zref-base 2020-07-03 v2.32 Module base for zref (HO)
Package zref Info: New property list: main on input line 764.
Package zref Info: New property: default on input line 765.
Package zref Info: New property: page on input line 766.
)

Package fontspec Info: Font family 'texgyrepagella-math.otf(0)' created for
(fontspec)             font 'texgyrepagella-math.otf' with options
(fontspec)             [BoldItalicFont={},ItalicFont={},SmallCapsFont={},Script
=Math].
(fontspec)              
(fontspec)              This font family consists of the following NFSS
(fontspec)             series/shapes:
(fontspec)              
(fontspec)             - 'normal' (m/n) with NFSS spec.:
(fontspec)             <->"[texgyrepagella-math.otf]/OT:script=math;language=df
lt;"
(fontspec)             - 'small caps'  (m/sc) with NFSS spec.: 


Package fontspec Info: Font family 'texgyrepagella-math.otf(1)' created for
(fontspec)             font 'texgyrepagella-math.otf' with options
(fontspec)             [BoldItalicFont={},ItalicFont={},SmallCapsFont={},Script
=Math,SizeFeatures={{Size=9.1692519-},{Size=6.79789365-9.1692519,Font=texgyrepa
gella-math.otf,Style=MathScript},{Size=-6.79789365,Font=texgyrepagella-math.otf
,Style=MathScriptScript}}].
(fontspec)              
(fontspec)              This font family consists of the following NFSS
(fontspec)             series/shapes:
(fontspec)              
(fontspec)             - 'normal' (m/n) with NFSS spec.:
(fontspec)             <9.1692519->"[texgyrepagella-math.otf]/OT:script=math;la
nguage=dflt;"<6.79789365-9.1692519>"[texgyrepagella-math.otf]/OT:script=math;la
nguage=dflt;+ssty=0;"<-6.79789365>"[texgyrepagella-math.otf]/OT:script=math;lan
guage=dflt;+ssty=1;"
(fontspec)             - 'small caps'  (m/sc) with NFSS spec.: 

LaTeX Font Info:    Encoding `OT1' has changed to `TU' for symbol font
(Font)              `operators' in the math version `normal' on input line 75.
LaTeX Font Info:    Overwriting symbol font `operators' in version `normal'
(Font)                  OT1/lmr/m/n --> TU/texgyrepagella-math.otf(1)/m/n on in
put line 75.
LaTeX Font Info:    Encoding `OT1' has changed to `TU' for symbol font
(Font)              `operators' in the math version `bold' on input line 75.
LaTeX Font Info:    Overwriting symbol font `operators' in version `bold'
(Font)                  OT1/lmr/bx/n --> TU/texgyrepagella-math.otf(1)/b/n on i
nput line 75.

Package fontspec Info: texgyrepagella-math scale = 1.0001.


Package fontspec Info: texgyrepagella-math scale = 1.0001.


Package fontspec Info: texgyrepagella-math scale = 1.0001.


Package fontspec Info: texgyrepagella-math scale = 1.0001.


Package fontspec Info: Font family 'texgyrepagella-math.otf(2)' created for
(fontspec)             font 'texgyrepagella-math.otf' with options
(fontspec)             [BoldItalicFont={},ItalicFont={},SmallCapsFont={},Script
=Math,SizeFeatures={{Size=9.1692519-},{Size=6.79789365-9.1692519,Font=texgyrepa
gella-math.otf,Style=MathScript},{Size=-6.79789365,Font=texgyrepagella-math.otf
,Style=MathScriptScript}},ScaleAgain=1.0001,FontAdjustment={\fontdimen
(fontspec)             8\font =7.58835pt\relax \fontdimen 9\font
(fontspec)             =4.94296pt\relax \fontdimen 10\font =4.94296pt\relax
(fontspec)             \fontdimen 11\font =7.01923pt\relax \fontdimen 12\font
(fontspec)             =3.27774pt\relax \fontdimen 13\font =3.73094pt\relax
(fontspec)             \fontdimen 14\font =3.73094pt\relax \fontdimen 15\font
(fontspec)             =3.11966pt\relax \fontdimen 16\font =2.44513pt\relax
(fontspec)             \fontdimen 17\font =2.44513pt\relax \fontdimen 18\font
(fontspec)             =2.44513pt\relax \fontdimen 19\font =1.22256pt\relax
(fontspec)             \fontdimen 22\font =2.63484pt\relax \fontdimen 20\font
(fontspec)             =0pt\relax \fontdimen 21\font =0pt\relax }].
(fontspec)              
(fontspec)              This font family consists of the following NFSS
(fontspec)             series/shapes:
(fontspec)              
(fontspec)             - 'normal' (m/n) with NFSS spec.:
(fontspec)             <9.1692519->s*[1.0001]"[texgyrepagella-math.otf]/OT:scri
pt=math;language=dflt;"<6.79789365-9.1692519>s*[1.0001]"[texgyrepagella-math.ot
f]/OT:script=math;language=dflt;+ssty=0;"<-6.79789365>s*[1.0001]"[texgyrepagell
a-math.otf]/OT:script=math;language=dflt;+ssty=1;"
(fontspec)             - 'small caps'  (m/sc) with NFSS spec.: 
(fontspec)             and font adjustment code:
(fontspec)             \fontdimen 8\font =7.58835pt\relax \fontdimen 9\font
(fontspec)             =4.94296pt\relax \fontdimen 10\font =4.94296pt\relax
(fontspec)             \fontdimen 11\font =7.01923pt\relax \fontdimen 12\font
(fontspec)             =3.27774pt\relax \fontdimen 13\font =3.73094pt\relax
(fontspec)             \fontdimen 14\font =3.73094pt\relax \fontdimen 15\font
(fontspec)             =3.11966pt\relax \fontdimen 16\font =2.44513pt\relax
(fontspec)             \fontdimen 17\font =2.44513pt\relax \fontdimen 18\font
(fontspec)             =2.44513pt\relax \fontdimen 19\font =1.22256pt\relax
(fontspec)             \fontdimen 22\font =2.63484pt\relax \fontdimen 20\font
(fontspec)             =0pt\relax \fontdimen 21\font =0pt\relax 

LaTeX Font Info:    Encoding `OMS' has changed to `TU' for symbol font
(Font)              `symbols' in the math version `normal' on input line 75.
LaTeX Font Info:    Overwriting symbol font `symbols' in version `normal'
(Font)                  OMS/lmsy/m/n --> TU/texgyrepagella-math.otf(2)/m/n on i
nput line 75.
LaTeX Font Info:    Encoding `OMS' has changed to `TU' for symbol font
(Font)              `symbols' in the math version `bold' on input line 75.
LaTeX Font Info:    Overwriting symbol font `symbols' in version `bold'
(Font)                  OMS/lmsy/b/n --> TU/texgyrepagella-math.otf(2)/b/n on i
nput line 75.

Package fontspec Info: texgyrepagella-math scale = 0.9999.


Package fontspec Info: texgyrepagella-math scale = 0.9999.


Package fontspec Info: texgyrepagella-math scale = 0.9999.


Package fontspec Info: texgyrepagella-math scale = 0.9999.


Package fontspec Info: Font family 'texgyrepagella-math.otf(3)' created for
(fontspec)             font 'texgyrepagella-math.otf' with options
(fontspec)             [BoldItalicFont={},ItalicFont={},SmallCapsFont={},Script
=Math,SizeFeatures={{Size=9.1692519-},{Size=6.79789365-9.1692519,Font=texgyrepa
gella-math.otf,Style=MathScript},{Size=-6.79789365,Font=texgyrepagella-math.otf
,Style=MathScriptScript}},ScaleAgain=0.9999,FontAdjustment={\fontdimen
(fontspec)             8\font =0.63235pt\relax \fontdimen 9\font
(fontspec)             =1.26472pt\relax \fontdimen 10\font =1.26472pt\relax
(fontspec)             \fontdimen 11\font =1.26472pt\relax \fontdimen 12\font
(fontspec)             =4.93242pt\relax \fontdimen 13\font =0pt\relax }].
(fontspec)              
(fontspec)              This font family consists of the following NFSS
(fontspec)             series/shapes:
(fontspec)              
(fontspec)             - 'normal' (m/n) with NFSS spec.:
(fontspec)             <9.1692519->s*[0.9999]"[texgyrepagella-math.otf]/OT:scri
pt=math;language=dflt;"<6.79789365-9.1692519>s*[0.9999]"[texgyrepagella-math.ot
f]/OT:script=math;language=dflt;+ssty=0;"<-6.79789365>s*[0.9999]"[texgyrepagell
a-math.otf]/OT:script=math;language=dflt;+ssty=1;"
(fontspec)             - 'small caps'  (m/sc) with NFSS spec.: 
(fontspec)             and font adjustment code:
(fontspec)             \fontdimen 8\font =0.63235pt\relax \fontdimen 9\font
(fontspec)             =1.26472pt\relax \fontdimen 10\font =1.26472pt\relax
(fontspec)             \fontdimen 11\font =1.26472pt\relax \fontdimen 12\font
(fontspec)             =4.93242pt\relax \fontdimen 13\font =0pt\relax 

LaTeX Font Info:    Encoding `OMX' has changed to `TU' for symbol font
(Font)              `largesymbols' in the math version `normal' on input line 7
5.
LaTeX Font Info:    Overwriting symbol font `largesymbols' in version `normal'
(Font)                  OMX/lmex/m/n --> TU/texgyrepagella-math.otf(3)/m/n on i
nput line 75.
LaTeX Font Info:    Encoding `OMX' has changed to `TU' for symbol font
(Font)              `largesymbols' in the math version `bold' on input line 75.

LaTeX Font Info:    Overwriting symbol font `largesymbols' in version `bold'
(Font)                  OMX/lmex/m/n --> TU/texgyrepagella-math.otf(3)/b/n on i
nput line 75.

*** SUCCESS ***
*** SUCCESS ***
*** SUCCESS ***
\enitdp@optdesc=\count371
\enitdp@tablenotes=\count372
\c@tpt@id=\count373
\c@ctexexam=\count374
*** SUCCESS ***
*** SUCCESS ***
*** SUCCESS ***
*** SUCCESS ***
*** SUCCESS ***
Package zref Info: New property list: ctxdoc on input line 655.
Package zref Info: New property: guard@end on input line 656.
\@glossaryfile=\write6
\openout6 = `cexam.glo'.

Writing glossary file cexam.glo 
) (/usr/local/texlive/texmf-local/tex/latex/local/cexam.sty
(/usr/local/texlive/2020/texmf-dist/tex/latex/l3experimental/l3draw/l3draw.sty
Package: l3draw 2020-10-27 L3 Experimental core drawing support

(/usr/local/texlive/2020/texmf-dist/tex/latex/l3experimental/l3color/l3color.st
y
Package: l3color 2020-10-27 L3 Experimental color support
\l__color_internal_int=\count375
\g__color_model_int=\count376
)
\l__draw_tmp_box=\box118
\g__draw_path_lastx_dim=\dimen308
\g__draw_path_lasty_dim=\dimen309
\g__draw_path_xmax_dim=\dimen310
\g__draw_path_xmin_dim=\dimen311
\g__draw_path_ymax_dim=\dimen312
\g__draw_path_ymin_dim=\dimen313
\l__draw_corner_xarc_dim=\dimen314
\l__draw_corner_yarc_dim=\dimen315
\l__draw_path_lastx_dim=\dimen316
\l__draw_path_lasty_dim=\dimen317
\l__draw_path_xmax_dim=\dimen318
\l__draw_path_xmin_dim=\dimen319
\l__draw_path_ymax_dim=\dimen320
\l__draw_path_ymin_dim=\dimen321
\l__draw_softpath_lastx_dim=\dimen322
\l__draw_softpath_lasty_dim=\dimen323
\l__draw_xvec_x_dim=\dimen324
\l__draw_xvec_y_dim=\dimen325
\l__draw_yvec_x_dim=\dimen326
\l__draw_yvec_y_dim=\dimen327
\l__draw_zvec_x_dim=\dimen328
\l__draw_zvec_y_dim=\dimen329
\g__draw_xmax_dim=\dimen330
\g__draw_xmin_dim=\dimen331
\g__draw_ymax_dim=\dimen332
\g__draw_ymin_dim=\dimen333
\l__draw_main_box=\box119
\l__draw_layer_main_box=\box120
\g__draw_id_int=\count377
\l__draw_linewidth_dim=\dimen334
\l__draw_xmax_dim=\dimen335
\l__draw_xmin_dim=\dimen336
\l__draw_ymax_dim=\dimen337
\l__draw_ymin_dim=\dimen338
\g__draw_softpath_lastx_dim=\dimen339
\g__draw_softpath_lasty_dim=\dimen340
\l__draw_softpath_corneri_dim=\dimen341
\l__draw_softpath_cornerii_dim=\dimen342
\g__draw_linewidth_dim=\dimen343
\l_draw_default_linewidth_dim=\dimen344
\l__draw_xshift_dim=\dimen345
\l__draw_yshift_dim=\dimen346
)
Package: cexam 2020/12/04 vv3.3.3(alpha) For Chinese middle school examination
\cexam_txtht_box=\box121
\cexam_picture_box=\box122
\cho_option_box=\box123
\cexam_option_box=\box124
\sep_temp_box=\box125
\cho_optpic_box=\box126
\cexam_number_box=\box127
\blank_wd_box=\box128
\fmt_picture_box=\box129
\fmt_picture_vbox=\box130
\fmt_picture_hbox=\box131
\fmt_pic_vbox=\box132
\fmt_pic_hbox=\box133
\fmt_pic_r_hbox=\box134
\fmt_pic_r_vbox=\box135
\fmt_pic_t_vbox=\box136
\ind_hat_vbox=\box137
\ind_hat_hbox=\box138
\ind_hat_box=\box139
\rec_tempht_dim=\dimen347
\cexam_psrin_dim=\dimen348
\cexam_pslin_dim=\dimen349
\cexam_pswd_dim=\dimen350
\cexam_picht_dim=\dimen351
\cexam_picwd_dim=\dimen352
\cho_lmax_dim=\dimen353
\cho_lmax_i_dim=\dimen354
\cho_lmax_ii_dim=\dimen355
\cho_optwd_dim=\dimen356
\cho_optwd_i_dim=\dimen357
\sep_HD_ht=\dimen358
\cho_optpic_ht_dim=\dimen359
\cho_optpic_hti_dim=\dimen360
\cho_optpic_wd_dim=\dimen361
\cexam_indent_dim=\dimen362
\cexam_indent_i_dim=\dimen363
\cexam_pictxt_skip=\dimen364
\cexam_numtxt_skip=\dimen365
\cexam_pic_linwd_dim=\dimen366
\blank_wd_dim=\dimen367
\get_rec_linewd_dim=\dimen368
\cexam_picwd_limit=\dimen369
\cexam_ccwd_dim=\dimen370
\cho_hat_dim=\dimen371
\cho_hat_wd_dim=\dimen372
\cho_hat_ht_dim=\dimen373
\fmt_pic_t_xdim=\dimen374
\fmt_pic_t_ydim=\dimen375
\fmt_picture_xdim=\dimen376
\fmt_picture_ydim=\dimen377
\cexam_number_int=\count378
\cexam_equ_int=\count379
\cexam_numtemp_int=\count380
\cexam_picmath_int=\count381
\cexam_totalnum_int=\count382
\cexam_qitem_int=\count383
\example_number_int=\count384
\cexam_numold_int=\count385
\letter_ht_dim=\dimen378
\letter_ltskip_dim=\dimen379
) (/usr/local/texlive/2020/texmf-dist/tex/latex/pgf/frontendlayer/tikz.sty
(/usr/local/texlive/2020/texmf-dist/tex/latex/pgf/basiclayer/pgf.sty
(/usr/local/texlive/2020/texmf-dist/tex/latex/pgf/utilities/pgfrcs.sty
(/usr/local/texlive/2020/texmf-dist/tex/generic/pgf/utilities/pgfutil-common.te
x
\pgfutil@everybye=\toks32
\pgfutil@tempdima=\dimen380
\pgfutil@tempdimb=\dimen381

(/usr/local/texlive/2020/texmf-dist/tex/generic/pgf/utilities/pgfutil-common-li
sts.tex))
(/usr/local/texlive/2020/texmf-dist/tex/generic/pgf/utilities/pgfutil-latex.def
\pgfutil@abb=\box140
) (/usr/local/texlive/2020/texmf-dist/tex/generic/pgf/utilities/pgfrcs.code.tex
(/usr/local/texlive/2020/texmf-dist/tex/generic/pgf/pgf.revision.tex)
Package: pgfrcs 2020/12/27 v3.1.8b (3.1.8b)
))
Package: pgf 2020/12/27 v3.1.8b (3.1.8b)

(/usr/local/texlive/2020/texmf-dist/tex/latex/pgf/basiclayer/pgfcore.sty
(/usr/local/texlive/2020/texmf-dist/tex/latex/graphics/graphicx.sty
Package: graphicx 2020/09/09 v1.2b Enhanced LaTeX Graphics (DPC,SPQR)

(/usr/local/texlive/2020/texmf-dist/tex/latex/graphics/graphics.sty
Package: graphics 2020/08/30 v1.4c Standard LaTeX Graphics (DPC,SPQR)

(/usr/local/texlive/2020/texmf-dist/tex/latex/graphics/trig.sty
Package: trig 2016/01/03 v1.10 sin cos tan (DPC)
)
(/usr/local/texlive/2020/texmf-dist/tex/latex/graphics-cfg/graphics.cfg
File: graphics.cfg 2016/06/04 v1.11 sample graphics configuration
)
Package graphics Info: Driver file: xetex.def on input line 105.
)
\Gin@req@height=\dimen382
\Gin@req@width=\dimen383
)
(/usr/local/texlive/2020/texmf-dist/tex/latex/pgf/systemlayer/pgfsys.sty
(/usr/local/texlive/2020/texmf-dist/tex/generic/pgf/systemlayer/pgfsys.code.tex
Package: pgfsys 2020/12/27 v3.1.8b (3.1.8b)
(/usr/local/texlive/2020/texmf-dist/tex/generic/pgf/utilities/pgfkeys.code.tex
\pgfkeys@pathtoks=\toks33
\pgfkeys@temptoks=\toks34

(/usr/local/texlive/2020/texmf-dist/tex/generic/pgf/utilities/pgfkeysfiltered.c
ode.tex
\pgfkeys@tmptoks=\toks35
))
\pgf@x=\dimen384
\pgf@y=\dimen385
\pgf@xa=\dimen386
\pgf@ya=\dimen387
\pgf@xb=\dimen388
\pgf@yb=\dimen389
\pgf@xc=\dimen390
\pgf@yc=\dimen391
\pgf@xd=\dimen392
\pgf@yd=\dimen393
\w@pgf@writea=\write7
\r@pgf@reada=\read4
\c@pgf@counta=\count386
\c@pgf@countb=\count387
\c@pgf@countc=\count388
\c@pgf@countd=\count389
\t@pgf@toka=\toks36
\t@pgf@tokb=\toks37
\t@pgf@tokc=\toks38
\pgf@sys@id@count=\count390

(/usr/local/texlive/2020/texmf-dist/tex/generic/pgf/systemlayer/pgf.cfg
File: pgf.cfg 2020/12/27 v3.1.8b (3.1.8b)
)
Driver file for pgf: pgfsys-xetex.def

(/usr/local/texlive/2020/texmf-dist/tex/generic/pgf/systemlayer/pgfsys-xetex.de
f
File: pgfsys-xetex.def 2020/12/27 v3.1.8b (3.1.8b)

(/usr/local/texlive/2020/texmf-dist/tex/generic/pgf/systemlayer/pgfsys-dvipdfmx
.def
File: pgfsys-dvipdfmx.def 2020/12/27 v3.1.8b (3.1.8b)

(/usr/local/texlive/2020/texmf-dist/tex/generic/pgf/systemlayer/pgfsys-common-p
df.def
File: pgfsys-common-pdf.def 2020/12/27 v3.1.8b (3.1.8b)
)
\pgfsys@objnum=\count391
)))
(/usr/local/texlive/2020/texmf-dist/tex/generic/pgf/systemlayer/pgfsyssoftpath.
code.tex
File: pgfsyssoftpath.code.tex 2020/12/27 v3.1.8b (3.1.8b)
\pgfsyssoftpath@smallbuffer@items=\count392
\pgfsyssoftpath@bigbuffer@items=\count393
)
(/usr/local/texlive/2020/texmf-dist/tex/generic/pgf/systemlayer/pgfsysprotocol.
code.tex
File: pgfsysprotocol.code.tex 2020/12/27 v3.1.8b (3.1.8b)
))
(/usr/local/texlive/2020/texmf-dist/tex/generic/pgf/basiclayer/pgfcore.code.tex
Package: pgfcore 2020/12/27 v3.1.8b (3.1.8b)
(/usr/local/texlive/2020/texmf-dist/tex/generic/pgf/math/pgfmath.code.tex
(/usr/local/texlive/2020/texmf-dist/tex/generic/pgf/math/pgfmathcalc.code.tex
(/usr/local/texlive/2020/texmf-dist/tex/generic/pgf/math/pgfmathutil.code.tex)
(/usr/local/texlive/2020/texmf-dist/tex/generic/pgf/math/pgfmathparser.code.tex
\pgfmath@dimen=\dimen394
\pgfmath@count=\count394
\pgfmath@box=\box141
\pgfmath@toks=\toks39
\pgfmath@stack@operand=\toks40
\pgfmath@stack@operation=\toks41
)
(/usr/local/texlive/2020/texmf-dist/tex/generic/pgf/math/pgfmathfunctions.code.
tex
(/usr/local/texlive/2020/texmf-dist/tex/generic/pgf/math/pgfmathfunctions.basic
.code.tex)
(/usr/local/texlive/2020/texmf-dist/tex/generic/pgf/math/pgfmathfunctions.trigo
nometric.code.tex)
(/usr/local/texlive/2020/texmf-dist/tex/generic/pgf/math/pgfmathfunctions.rando
m.code.tex)
(/usr/local/texlive/2020/texmf-dist/tex/generic/pgf/math/pgfmathfunctions.compa
rison.code.tex)
(/usr/local/texlive/2020/texmf-dist/tex/generic/pgf/math/pgfmathfunctions.base.
code.tex)
(/usr/local/texlive/2020/texmf-dist/tex/generic/pgf/math/pgfmathfunctions.round
.code.tex)
(/usr/local/texlive/2020/texmf-dist/tex/generic/pgf/math/pgfmathfunctions.misc.
code.tex)
(/usr/local/texlive/2020/texmf-dist/tex/generic/pgf/math/pgfmathfunctions.integ
erarithmetics.code.tex)))
(/usr/local/texlive/2020/texmf-dist/tex/generic/pgf/math/pgfmathfloat.code.tex
\c@pgfmathroundto@lastzeros=\count395
)) (/usr/local/texlive/2020/texmf-dist/tex/generic/pgf/math/pgfint.code.tex)
(/usr/local/texlive/2020/texmf-dist/tex/generic/pgf/basiclayer/pgfcorepoints.co
de.tex
File: pgfcorepoints.code.tex 2020/12/27 v3.1.8b (3.1.8b)
\pgf@picminx=\dimen395
\pgf@picmaxx=\dimen396
\pgf@picminy=\dimen397
\pgf@picmaxy=\dimen398
\pgf@pathminx=\dimen399
\pgf@pathmaxx=\dimen400
\pgf@pathminy=\dimen401
\pgf@pathmaxy=\dimen402
\pgf@xx=\dimen403
\pgf@xy=\dimen404
\pgf@yx=\dimen405
\pgf@yy=\dimen406
\pgf@zx=\dimen407
\pgf@zy=\dimen408
)
(/usr/local/texlive/2020/texmf-dist/tex/generic/pgf/basiclayer/pgfcorepathconst
ruct.code.tex
File: pgfcorepathconstruct.code.tex 2020/12/27 v3.1.8b (3.1.8b)
\pgf@path@lastx=\dimen409
\pgf@path@lasty=\dimen410
)
(/usr/local/texlive/2020/texmf-dist/tex/generic/pgf/basiclayer/pgfcorepathusage
.code.tex
File: pgfcorepathusage.code.tex 2020/12/27 v3.1.8b (3.1.8b)
\pgf@shorten@end@additional=\dimen411
\pgf@shorten@start@additional=\dimen412
)
(/usr/local/texlive/2020/texmf-dist/tex/generic/pgf/basiclayer/pgfcorescopes.co
de.tex
File: pgfcorescopes.code.tex 2020/12/27 v3.1.8b (3.1.8b)
\pgfpic=\box142
\pgf@hbox=\box143
\pgf@layerbox@main=\box144
\pgf@picture@serial@count=\count396
)
(/usr/local/texlive/2020/texmf-dist/tex/generic/pgf/basiclayer/pgfcoregraphicst
ate.code.tex
File: pgfcoregraphicstate.code.tex 2020/12/27 v3.1.8b (3.1.8b)
\pgflinewidth=\dimen413
)
(/usr/local/texlive/2020/texmf-dist/tex/generic/pgf/basiclayer/pgfcoretransform
ations.code.tex
File: pgfcoretransformations.code.tex 2020/12/27 v3.1.8b (3.1.8b)
\pgf@pt@x=\dimen414
\pgf@pt@y=\dimen415
\pgf@pt@temp=\dimen416
)
(/usr/local/texlive/2020/texmf-dist/tex/generic/pgf/basiclayer/pgfcorequick.cod
e.tex
File: pgfcorequick.code.tex 2020/12/27 v3.1.8b (3.1.8b)
)
(/usr/local/texlive/2020/texmf-dist/tex/generic/pgf/basiclayer/pgfcoreobjects.c
ode.tex
File: pgfcoreobjects.code.tex 2020/12/27 v3.1.8b (3.1.8b)
)
(/usr/local/texlive/2020/texmf-dist/tex/generic/pgf/basiclayer/pgfcorepathproce
ssing.code.tex
File: pgfcorepathprocessing.code.tex 2020/12/27 v3.1.8b (3.1.8b)
)
(/usr/local/texlive/2020/texmf-dist/tex/generic/pgf/basiclayer/pgfcorearrows.co
de.tex
File: pgfcorearrows.code.tex 2020/12/27 v3.1.8b (3.1.8b)
\pgfarrowsep=\dimen417
)
(/usr/local/texlive/2020/texmf-dist/tex/generic/pgf/basiclayer/pgfcoreshade.cod
e.tex
File: pgfcoreshade.code.tex 2020/12/27 v3.1.8b (3.1.8b)
\pgf@max=\dimen418
\pgf@sys@shading@range@num=\count397
\pgf@shadingcount=\count398
)
(/usr/local/texlive/2020/texmf-dist/tex/generic/pgf/basiclayer/pgfcoreimage.cod
e.tex
File: pgfcoreimage.code.tex 2020/12/27 v3.1.8b (3.1.8b)

(/usr/local/texlive/2020/texmf-dist/tex/generic/pgf/basiclayer/pgfcoreexternal.
code.tex
File: pgfcoreexternal.code.tex 2020/12/27 v3.1.8b (3.1.8b)
\pgfexternal@startupbox=\box145
))
(/usr/local/texlive/2020/texmf-dist/tex/generic/pgf/basiclayer/pgfcorelayers.co
de.tex
File: pgfcorelayers.code.tex 2020/12/27 v3.1.8b (3.1.8b)
)
(/usr/local/texlive/2020/texmf-dist/tex/generic/pgf/basiclayer/pgfcoretranspare
ncy.code.tex
File: pgfcoretransparency.code.tex 2020/12/27 v3.1.8b (3.1.8b)
)
(/usr/local/texlive/2020/texmf-dist/tex/generic/pgf/basiclayer/pgfcorepatterns.
code.tex
File: pgfcorepatterns.code.tex 2020/12/27 v3.1.8b (3.1.8b)
)
(/usr/local/texlive/2020/texmf-dist/tex/generic/pgf/basiclayer/pgfcorerdf.code.
tex
File: pgfcorerdf.code.tex 2020/12/27 v3.1.8b (3.1.8b)
)))
(/usr/local/texlive/2020/texmf-dist/tex/generic/pgf/modules/pgfmoduleshapes.cod
e.tex
File: pgfmoduleshapes.code.tex 2020/12/27 v3.1.8b (3.1.8b)
\pgfnodeparttextbox=\box146
)
(/usr/local/texlive/2020/texmf-dist/tex/generic/pgf/modules/pgfmoduleplot.code.
tex
File: pgfmoduleplot.code.tex 2020/12/27 v3.1.8b (3.1.8b)
)
(/usr/local/texlive/2020/texmf-dist/tex/latex/pgf/compatibility/pgfcomp-version
-0-65.sty
Package: pgfcomp-version-0-65 2020/12/27 v3.1.8b (3.1.8b)
\pgf@nodesepstart=\dimen419
\pgf@nodesepend=\dimen420
)
(/usr/local/texlive/2020/texmf-dist/tex/latex/pgf/compatibility/pgfcomp-version
-1-18.sty
Package: pgfcomp-version-1-18 2020/12/27 v3.1.8b (3.1.8b)
))
(/usr/local/texlive/2020/texmf-dist/tex/latex/pgf/utilities/pgffor.sty
(/usr/local/texlive/2020/texmf-dist/tex/latex/pgf/utilities/pgfkeys.sty
(/usr/local/texlive/2020/texmf-dist/tex/generic/pgf/utilities/pgfkeys.code.tex)
) (/usr/local/texlive/2020/texmf-dist/tex/latex/pgf/math/pgfmath.sty
(/usr/local/texlive/2020/texmf-dist/tex/generic/pgf/math/pgfmath.code.tex))
(/usr/local/texlive/2020/texmf-dist/tex/generic/pgf/utilities/pgffor.code.tex
Package: pgffor 2020/12/27 v3.1.8b (3.1.8b)

(/usr/local/texlive/2020/texmf-dist/tex/generic/pgf/math/pgfmath.code.tex)
\pgffor@iter=\dimen421
\pgffor@skip=\dimen422
\pgffor@stack=\toks42
\pgffor@toks=\toks43
))
(/usr/local/texlive/2020/texmf-dist/tex/generic/pgf/frontendlayer/tikz/tikz.cod
e.tex
Package: tikz 2020/12/27 v3.1.8b (3.1.8b)

(/usr/local/texlive/2020/texmf-dist/tex/generic/pgf/libraries/pgflibraryplothan
dlers.code.tex
File: pgflibraryplothandlers.code.tex 2020/12/27 v3.1.8b (3.1.8b)
\pgf@plot@mark@count=\count399
\pgfplotmarksize=\dimen423
)
\tikz@lastx=\dimen424
\tikz@lasty=\dimen425
\tikz@lastxsaved=\dimen426
\tikz@lastysaved=\dimen427
\tikz@lastmovetox=\dimen428
\tikz@lastmovetoy=\dimen429
\tikzleveldistance=\dimen430
\tikzsiblingdistance=\dimen431
\tikz@figbox=\box147
\tikz@figbox@bg=\box148
\tikz@tempbox=\box149
\tikz@tempbox@bg=\box150
\tikztreelevel=\count400
\tikznumberofchildren=\count401
\tikznumberofcurrentchild=\count402
\tikz@fig@count=\count403

(/usr/local/texlive/2020/texmf-dist/tex/generic/pgf/modules/pgfmodulematrix.cod
e.tex
File: pgfmodulematrix.code.tex 2020/12/27 v3.1.8b (3.1.8b)
\pgfmatrixcurrentrow=\count404
\pgfmatrixcurrentcolumn=\count405
\pgf@matrix@numberofcolumns=\count406
)
\tikz@expandcount=\count407

(/usr/local/texlive/2020/texmf-dist/tex/generic/pgf/frontendlayer/tikz/librarie
s/tikzlibrarytopaths.code.tex
File: tikzlibrarytopaths.code.tex 2020/12/27 v3.1.8b (3.1.8b)
)))
(/usr/local/texlive/2020/texmf-dist/tex/latex/amscls/amsthm.sty
Package: amsthm 2020/05/29 v2.20.6
\thm@style=\toks44
\thm@bodyfont=\toks45
\thm@headfont=\toks46
\thm@notefont=\toks47
\thm@headpunct=\toks48
\thm@preskip=\skip78
\thm@postskip=\skip79
\thm@headsep=\skip80
\dth@everypar=\toks49
)
\@glossaryfile=\write8
\openout8 = `cexam.glo'.


Writing glossary file cexam.glo 
Package csquotes Info: Checking for multilingual support...
Package csquotes Info: ... none found.
(./cexam.aux

Package fontspec Info: Could not resolve font "Microsoft YaHei Bold/I" (it
(fontspec)             probably doesn't exist).


Package fontspec Info: Could not resolve font "Microsoft YaHei/I" (it probably
(fontspec)             doesn't exist).


Package fontspec Info: Font family 'MicrosoftYaHei(0)' created for font
(fontspec)             'Microsoft YaHei' with options
(fontspec)             [Script={CJK},BoldFont={* Bold}].
(fontspec)              
(fontspec)              This font family consists of the following NFSS
(fontspec)             series/shapes:
(fontspec)              
(fontspec)             - 'normal' (m/n) with NFSS spec.: <->"Microsoft
(fontspec)             YaHei/OT:script=hani;language=dflt;"
(fontspec)             - 'small caps'  (m/sc) with NFSS spec.: 
(fontspec)             - 'bold' (b/n) with NFSS spec.: <->"Microsoft YaHei
(fontspec)             Bold/OT:script=hani;language=dflt;"
(fontspec)             - 'bold small caps'  (b/sc) with NFSS spec.: 
(fontspec)             - 'bold italic' (b/it) with NFSS spec.: <->"Microsoft
(fontspec)             YaHei/BI/OT:script=hani;language=dflt;"
(fontspec)             - 'bold italic small caps'  (b/scit) with NFSS spec.: 

)
\openout1 = `cexam.aux'.

LaTeX Font Info:    Checking defaults for OML/cmm/m/it on input line 186.
LaTeX Font Info:    ... okay on input line 186.
LaTeX Font Info:    Checking defaults for OMS/cmsy/m/n on input line 186.
LaTeX Font Info:    ... okay on input line 186.
LaTeX Font Info:    Checking defaults for OT1/cmr/m/n on input line 186.
LaTeX Font Info:    ... okay on input line 186.
LaTeX Font Info:    Checking defaults for T1/cmr/m/n on input line 186.
LaTeX Font Info:    ... okay on input line 186.
LaTeX Font Info:    Checking defaults for TS1/cmr/m/n on input line 186.
LaTeX Font Info:    ... okay on input line 186.
LaTeX Font Info:    Checking defaults for TU/lmr/m/n on input line 186.
LaTeX Font Info:    ... okay on input line 186.
LaTeX Font Info:    Checking defaults for OMX/cmex/m/n on input line 186.
LaTeX Font Info:    ... okay on input line 186.
LaTeX Font Info:    Checking defaults for U/cmr/m/n on input line 186.
LaTeX Font Info:    ... okay on input line 186.
LaTeX Font Info:    Checking defaults for PD1/pdf/m/n on input line 186.
LaTeX Font Info:    ... okay on input line 186.
LaTeX Font Info:    Checking defaults for PU/pdf/m/n on input line 186.
LaTeX Font Info:    ... okay on input line 186.
Package hyperref Info: Link coloring ON on input line 186.

(/usr/local/texlive/2020/texmf-dist/tex/latex/hyperref/nameref.sty
Package: nameref 2019/09/16 v2.46 Cross-referencing by name of section

(/usr/local/texlive/2020/texmf-dist/tex/latex/refcount/refcount.sty
Package: refcount 2019/12/15 v3.6 Data extraction from label references (HO)
)
(/usr/local/texlive/2020/texmf-dist/tex/generic/gettitlestring/gettitlestring.s
ty
Package: gettitlestring 2019/12/15 v1.6 Cleanup title references (HO)
)
\c@section@level=\count408
)
LaTeX Info: Redefining \ref on input line 186.
LaTeX Info: Redefining \pageref on input line 186.
LaTeX Info: Redefining \nameref on input line 186.
 (./cexam.out) (./cexam.out)
\@outlinefile=\write9
\openout9 = `cexam.out'.

 (./cexam.hd)
\HD@savedest@out=\write10
\openout10 = `cexam.hd'.

Package doc Info: Made " a short reference for \verb on input line 186.
Package doc Info: Made | a short reference for \verb on input line 186.

ABD: EverySelectfont initializing macros
LaTeX Info: Redefining \selectfont on input line 186.

*geometry* driver: auto-detecting
*geometry* detected driver: xetex
*geometry* verbose mode - [ preamble ] result:
* driver: xetex
* paper: <default>
* layout: <same size as paper>
* layoutoffset:(h,v)=(0.0pt,0.0pt)
* modes: includemp 
* h-part:(L,W,R)=(0.0pt, 554.82875pt, 42.67912pt)
* v-part:(T,H,B)=(71.13188pt, 731.23584pt, 42.67912pt)
* \paperwidth=597.50787pt
* \paperheight=845.04684pt
* \textwidth=417.82875pt
* \textheight=731.23584pt
* \oddsidemargin=64.73001pt
* \evensidemargin=64.73001pt
* \topmargin=-38.1381pt
* \headheight=12.0pt
* \headsep=25.0pt
* \topskip=10.0pt
* \footskip=19.91692pt
* \marginparwidth=126.0pt
* \marginparsep=11.0pt
* \columnsep=10.0pt
* \skip\footins=9.0pt plus 4.0pt minus 2.0pt
* \hoffset=0.0pt
* \voffset=0.0pt
* \mag=1000
* \@twocolumnfalse
* \@twosidefalse
* \@mparswitchfalse
* \@reversemargintrue
* (1in=72.27pt=25.4mm, 1cm=28.453pt)


(/usr/local/texlive/2020/texmf-dist/tex/latex/siunitx/siunitx-abbreviations.cfg
File: siunitx-abbreviations.cfg 2017/11/26 v2.7k siunitx: Abbreviated units
)
(/usr/local/texlive/2020/texmf-dist/tex/latex/translator/translator-basic-dicti
onary-English.dict
Dictionary: translator-basic-dictionary, Language: English 
)
LaTeX Font Info:    Overwriting math alphabet `\mathrm' in version `normal'
(Font)                  TU/texgyrepagella-math.otf(1)/m/n --> TU/lmr/m/n on inp
ut line 186.
LaTeX Font Info:    Overwriting math alphabet `\mathit' in version `normal'
(Font)                  OT1/lmr/m/it --> TU/lmr/m/it on input line 186.
LaTeX Font Info:    Overwriting math alphabet `\mathbf' in version `normal'
(Font)                  OT1/lmr/bx/n --> TU/lmr/bx/n on input line 186.
LaTeX Font Info:    Overwriting math alphabet `\mathsf' in version `normal'
(Font)                  OT1/lmss/m/n --> TU/lmss/m/n on input line 186.
LaTeX Font Info:    Overwriting math alphabet `\mathsf' in version `bold'
(Font)                  OT1/lmss/bx/n --> TU/lmss/bx/n on input line 186.
LaTeX Font Info:    Overwriting math alphabet `\mathtt' in version `normal'
(Font)                  OT1/lmtt/m/n --> TU/lmtt/m/n on input line 186.
LaTeX Font Info:    Overwriting math alphabet `\mathtt' in version `bold'
(Font)                  OT1/lmtt/m/n --> TU/lmtt/bx/n on input line 186.
Package caption Info: Begin \AtBeginDocument code.
Package caption Info: End \AtBeginDocument code.
LaTeX Font Info:    Trying to load font information for OML+lmm on input line 1
86.
 (/usr/local/texlive/2020/texmf-dist/tex/latex/lm/omllmm.fd
File: omllmm.fd 2009/10/30 v1.6 Font defs for Latin Modern
)
LaTeX Font Info:    Font shape `TU/texgyrepagella-math.otf(2)/m/n' will be
(Font)              scaled to size 10.54048pt on input line 186.
LaTeX Font Info:    Font shape `TU/texgyrepagella-math.otf(2)/m/n' will be
(Font)              scaled to size 7.79996pt on input line 186.
LaTeX Font Info:    Font shape `TU/texgyrepagella-math.otf(2)/m/n' will be
(Font)              scaled to size 5.79726pt on input line 186.
LaTeX Font Info:    Font shape `TU/texgyrepagella-math.otf(3)/m/n' will be
(Font)              scaled to size 10.53824pt on input line 186.
LaTeX Font Info:    Font shape `TU/texgyrepagella-math.otf(3)/m/n' will be
(Font)              scaled to size 7.7983pt on input line 186.
LaTeX Font Info:    Font shape `TU/texgyrepagella-math.otf(3)/m/n' will be
(Font)              scaled to size 5.79602pt on input line 186.
LaTeX Font Info:    Trying to load font information for U+msa on input line 186
.
(/usr/local/texlive/2020/texmf-dist/tex/latex/amsfonts/umsa.fd
File: umsa.fd 2013/01/14 v3.01 AMS symbols A
)
LaTeX Font Info:    Trying to load font information for U+msb on input line 186
.

(/usr/local/texlive/2020/texmf-dist/tex/latex/amsfonts/umsb.fd
File: umsb.fd 2013/01/14 v3.01 AMS symbols B
) (./cexam.dtx
***************************
* Character table correct *
***************************
LaTeX Font Info:    Font shape `TU/texgyrepagella-math.otf(2)/m/n' will be
(Font)              scaled to size 12.04628pt on input line 251.
LaTeX Font Info:    Font shape `TU/texgyrepagella-math.otf(2)/m/n' will be
(Font)              scaled to size 8.00085pt on input line 251.
LaTeX Font Info:    Font shape `TU/texgyrepagella-math.otf(2)/m/n' will be
(Font)              scaled to size 6.00064pt on input line 251.
LaTeX Font Info:    Font shape `TU/texgyrepagella-math.otf(3)/m/n' will be
(Font)              scaled to size 12.0437pt on input line 251.
LaTeX Font Info:    Font shape `TU/texgyrepagella-math.otf(3)/m/n' will be
(Font)              scaled to size 7.99915pt on input line 251.
LaTeX Font Info:    Font shape `TU/texgyrepagella-math.otf(3)/m/n' will be
(Font)              scaled to size 5.99936pt on input line 251.
LaTeX Font Info:    Font shape `TU/texgyrepagella-math.otf(2)/m/n' will be
(Font)              scaled to size 7.52892pt on input line 251.
LaTeX Font Info:    Font shape `TU/texgyrepagella-math.otf(2)/m/n' will be
(Font)              scaled to size 5.00053pt on input line 251.
LaTeX Font Info:    Font shape `TU/texgyrepagella-math.otf(3)/m/n' will be
(Font)              scaled to size 7.52731pt on input line 251.
LaTeX Font Info:    Font shape `TU/texgyrepagella-math.otf(3)/m/n' will be
(Font)              scaled to size 4.99947pt on input line 251.
LaTeX Font Info:    Font shape `TU/texgyrepagella-math.otf(2)/m/n' will be
(Font)              scaled to size 9.0347pt on input line 254.
LaTeX Font Info:    Font shape `TU/texgyrepagella-math.otf(3)/m/n' will be
(Font)              scaled to size 9.03276pt on input line 254.

Package fontspec Info: Could not resolve font "FangSong/BI" (it probably
(fontspec)             doesn't exist).


Package fontspec Info: Could not resolve font "FangSong/B" (it probably
(fontspec)             doesn't exist).


Package fontspec Info: Could not resolve font "FangSong/I" (it probably
(fontspec)             doesn't exist).


Package fontspec Info: Font family 'FangSong(0)' created for font 'FangSong'
(fontspec)             with options [Script={CJK}].
(fontspec)              
(fontspec)              This font family consists of the following NFSS
(fontspec)             series/shapes:
(fontspec)              
(fontspec)             - 'normal' (m/n) with NFSS spec.:
(fontspec)             <->"FangSong/OT:script=hani;language=dflt;"
(fontspec)             - 'small caps'  (m/sc) with NFSS spec.: 

(./cexam.toc)
\tf@toc=\write11
\openout11 = `cexam.toc'.

 [1

]
LaTeX Font Info:    Font shape `TU/SimSun(0)/m/sl' in size <10.53937> not avail
able
(Font)              Font shape `TU/SimSun(0)/m/it' tried instead on input line 
293.
 [2

]
Overfull \hbox (14.01599pt too wide) in paragraph at lines 327--327
 []\TU/lmtt/m/n/9.03374 sudo cp ./ctrlwarning.sty /usr/local/texlive/texmf-loca
l/tex/latex/local/ctrlwarning.sty 
 []

[3] [4]

Package fontspec Info: Could not resolve font "SimHei/BI" (it probably doesn't
(fontspec)             exist).


Package fontspec Info: Could not resolve font "SimHei/B" (it probably doesn't
(fontspec)             exist).


Package fontspec Info: Could not resolve font "SimHei/I" (it probably doesn't
(fontspec)             exist).


Package fontspec Info: Font family 'SimHei(0)' created for font 'SimHei' with
(fontspec)             options [Script={CJK}].
(fontspec)              
(fontspec)              This font family consists of the following NFSS
(fontspec)             series/shapes:
(fontspec)              
(fontspec)             - 'normal' (m/n) with NFSS spec.:
(fontspec)             <->"SimHei/OT:script=hani;language=dflt;"
(fontspec)             - 'small caps'  (m/sc) with NFSS spec.: 

 [5] [6] [7] [8] [9] [10] [11

] [12] [13] [14] [15] [16] [17] [18]
[19] [20] [21] [22] [23] [24] [25] [26] [27] [28] [29] [30] [31] [32] [33]
[34] [35] [36] [37] [38] [39] [40] [41] [42] [43] [44] [45] [46] [47] [48]
[49]
**********************************
* This macro file has no checksum!
* The checksum should be 2496!
**********************************
) [50]
*geometry* verbose mode - [ newgeometry ] result:
* driver: xetex
* paper: <default>
* layout: <same size as paper>
* layoutoffset:(h,v)=(0.0pt,0.0pt)
* modes: 
* h-part:(L,W,R)=(42.67912pt, 512.14963pt, 42.67912pt)
* v-part:(T,H,B)=(71.13188pt, 731.23584pt, 42.67912pt)
* \paperwidth=597.50787pt
* \paperheight=845.04684pt
* \textwidth=512.14963pt
* \textheight=731.23584pt
* \oddsidemargin=-29.59087pt
* \evensidemargin=-29.59087pt
* \topmargin=-38.1381pt
* \headheight=12.0pt
* \headsep=25.0pt
* \topskip=10.0pt
* \footskip=19.91692pt
* \marginparwidth=126.0pt
* \marginparsep=11.0pt
* \columnsep=10.0pt
* \skip\footins=9.0pt plus 4.0pt minus 2.0pt
* \hoffset=0.0pt
* \voffset=0.0pt
* \mag=1000
* \@twocolumnfalse
* \@twosidefalse
* \@mparswitchfalse
* \@reversemargintrue
* (1in=72.27pt=25.4mm, 1cm=28.453pt)

 (./cexam.gls [51

] [52]) (./cexam.ind [53] [54] [55] [56] [57] [58])
Package doc Info: Deleted " as a short reference for \verb(*) on input line 191
.
Package doc Info: Deleted | as a short reference for \verb(*) on input line 191
.

[59]

Package l3doc Info: Generate the change list by executing
(l3doc)                 makeindex -s gglo.ist -o cexam.gls cexam.glo


Package l3doc Info: Generate the index by executing
(l3doc)                 makeindex -s gind.ist -o cexam.ind cexam.idx

 (./cexam.aux)
Package rerunfilecheck Info: File `cexam.out' has not changed.
(rerunfilecheck)             Checksum: 9608CADE1158C6BE3486170727440805;11901.
Package rerunfilecheck Info: File `cexam.hd' has not changed.
(rerunfilecheck)             Checksum: AF00261F176CBC8D0BECFB28A13EC1FC;15104.
 ) 
Here is how much of TeX's memory you used:
 40483 strings out of 477298
 810646 string characters out of 5832537
 1378994 words of memory out of 5000000
 59376 multiletter control sequences out of 15000+600000
 417509 words of font info for 163 fonts, out of 8000000 for 9000
 1348 hyphenation exceptions out of 8191
 111i,13n,125p,1466b,1599s stack positions out of 5000i,500n,10000p,200000b,80000s

Output written on cexam.pdf (59 pages).
